#
# There is insufficient memory for the Java Runtime Environment to continue.
# Native memory allocation (malloc) failed to allocate 705696 bytes for Chunk::new
# Possible reasons:
#   The system is out of physical RAM or swap space
#   The process is running with CompressedOops enabled, and the Java Heap may be blocking the growth of the native heap
# Possible solutions:
#   Reduce memory load on the system
#   Increase physical memory or swap space
#   Check if swap backing store is full
#   Decrease Java heap size (-Xmx/-Xms)
#   Decrease number of Java threads
#   Decrease Java thread stack sizes (-Xss)
#   Set larger code cache with -XX:ReservedCodeCacheSize=
#   JVM is running with Unscaled Compressed Oops mode in which the Java heap is
#     placed in the first 4GB address space. The Java Heap base address is the
#     maximum limit for the native heap growth. Please use -XX:HeapBaseMinAddress
#     to set the Java Heap base and to place the Java Heap above 4GB virtual address.
# This output file may be truncated or incomplete.
#
#  Out of Memory Error (arena.cpp:189), pid=12544, tid=15620
#
# JRE version: OpenJDK Runtime Environment (17.0.6) (build 17.0.6+0-b2043.56-9586694)
# Java VM: OpenJDK 64-Bit Server VM (17.0.6+0-b2043.56-9586694, mixed mode, tiered, compressed oops, compressed class ptrs, g1 gc, windows-amd64)
# No core dump will be written. Minidumps are not enabled by default on client versions of Windows
#

---------------  S U M M A R Y ------------

Command Line: --add-opens=java.base/java.util=ALL-UNNAMED --add-opens=java.base/java.lang=ALL-UNNAMED --add-opens=java.base/java.lang.invoke=ALL-UNNAMED --add-opens=java.prefs/java.util.prefs=ALL-UNNAMED --add-opens=java.base/java.nio.charset=ALL-UNNAMED --add-opens=java.base/java.net=ALL-UNNAMED --add-opens=java.base/java.util.concurrent.atomic=ALL-UNNAMED -Xmx2048m -Dfile.encoding=UTF-8 -Duser.country=RU -Duser.language=ru -Duser.variant org.gradle.launcher.daemon.bootstrap.GradleDaemon 8.0

Host: Intel(R) Core(TM) i5-9400F CPU @ 2.90GHz, 6 cores, 15G,  Windows 10 , 64 bit Build 19041 (10.0.19041.2788)
Time: Wed Apr 26 21:49:45 2023 RTZ 2 (s 10 , 64 bit Build 19041 (10.0.19041.2788) elapsed time: 3.895760 seconds (0d 0h 0m 3s)

---------------  T H R E A D  ---------------

Current thread (0x000002a951085020):  JavaThread "C2 CompilerThread0" daemon [_thread_in_native, id=15620, stack(0x000000e95a300000,0x000000e95a400000)]


Current CompileTask:
C2:   3895 1988       4       jdk.internal.org.objectweb.asm.Frame::execute (2305 bytes)

Stack: [0x000000e95a300000,0x000000e95a400000]
Native frames: (J=compiled Java code, j=interpreted, Vv=VM code, C=native code)
V  [jvm.dll+0x683b4a]
V  [jvm.dll+0x842654]
V  [jvm.dll+0x843dfe]
V  [jvm.dll+0x844463]
V  [jvm.dll+0x249b75]
V  [jvm.dll+0xabcac]
V  [jvm.dll+0xac27c]
V  [jvm.dll+0x2b0eef]
V  [jvm.dll+0x58a207]
V  [jvm.dll+0x2243b2]
V  [jvm.dll+0x21dbe9]
V  [jvm.dll+0x21b51b]
V  [jvm.dll+0x1a4fdd]
V  [jvm.dll+0x22b098]
V  [jvm.dll+0x229159]
V  [jvm.dll+0x7f809c]
V  [jvm.dll+0x7f25fa]
V  [jvm.dll+0x682985]
C  [ucrtbase.dll+0x21bb2]
C  [KERNEL32.DLL+0x17604]
C  [ntdll.dll+0x526a1]


---------------  P R O C E S S  ---------------

Threads class SMR info:
_java_thread_list=0x000002a953c19f90, length=22, elements={
0x000002a934c59e40, 0x000002a95101aa90, 0x000002a95101b900, 0x000002a95106ac40,
0x000002a95106bab0, 0x000002a95106d670, 0x000002a951070030, 0x000002a951085020,
0x000002a951085920, 0x000002a9510e80e0, 0x000002a9511faa90, 0x000002a9511faf60,
0x000002a953775e20, 0x000002a95198f400, 0x000002a953c9a590, 0x000002a953c58ee0,
0x000002a953fb4040, 0x000002a953c54080, 0x000002a953c54550, 0x000002a953e86850,
0x000002a953e876c0, 0x000002a953e86380
}

Java Threads: ( => current thread )
  0x000002a934c59e40 JavaThread "main" [_thread_blocked, id=17880, stack(0x000000e959600000,0x000000e959700000)]
  0x000002a95101aa90 JavaThread "Reference Handler" daemon [_thread_blocked, id=12300, stack(0x000000e959d00000,0x000000e959e00000)]
  0x000002a95101b900 JavaThread "Finalizer" daemon [_thread_blocked, id=13124, stack(0x000000e959e00000,0x000000e959f00000)]
  0x000002a95106ac40 JavaThread "Signal Dispatcher" daemon [_thread_blocked, id=16964, stack(0x000000e959f00000,0x000000e95a000000)]
  0x000002a95106bab0 JavaThread "Attach Listener" daemon [_thread_blocked, id=804, stack(0x000000e95a000000,0x000000e95a100000)]
  0x000002a95106d670 JavaThread "Service Thread" daemon [_thread_blocked, id=21512, stack(0x000000e95a100000,0x000000e95a200000)]
  0x000002a951070030 JavaThread "Monitor Deflation Thread" daemon [_thread_blocked, id=11852, stack(0x000000e95a200000,0x000000e95a300000)]
=>0x000002a951085020 JavaThread "C2 CompilerThread0" daemon [_thread_in_native, id=15620, stack(0x000000e95a300000,0x000000e95a400000)]
  0x000002a951085920 JavaThread "C1 CompilerThread0" daemon [_thread_blocked, id=11352, stack(0x000000e95a400000,0x000000e95a500000)]
  0x000002a9510e80e0 JavaThread "Sweeper thread" daemon [_thread_blocked, id=5004, stack(0x000000e95a500000,0x000000e95a600000)]
  0x000002a9511faa90 JavaThread "Common-Cleaner" daemon [_thread_blocked, id=20380, stack(0x000000e95a600000,0x000000e95a700000)]
  0x000002a9511faf60 JavaThread "Notification Thread" daemon [_thread_blocked, id=11304, stack(0x000000e95a700000,0x000000e95a800000)]
  0x000002a953775e20 JavaThread "Daemon health stats" [_thread_blocked, id=1620, stack(0x000000e95b000000,0x000000e95b100000)]
  0x000002a95198f400 JavaThread "Incoming local TCP Connector on port 53151" [_thread_in_native, id=7912, stack(0x000000e95a900000,0x000000e95aa00000)]
  0x000002a953c9a590 JavaThread "Daemon periodic checks" [_thread_blocked, id=5872, stack(0x000000e95b100000,0x000000e95b200000)]
  0x000002a953c58ee0 JavaThread "Daemon" [_thread_blocked, id=6948, stack(0x000000e95b200000,0x000000e95b300000)]
  0x000002a953fb4040 JavaThread "Handler for socket connection from /127.0.0.1:53151 to /127.0.0.1:53152" [_thread_in_native, id=21476, stack(0x000000e95b300000,0x000000e95b400000)]
  0x000002a953c54080 JavaThread "Cancel handler" [_thread_blocked, id=8724, stack(0x000000e95b400000,0x000000e95b500000)]
  0x000002a953c54550 JavaThread "Daemon worker" [_thread_in_native, id=21272, stack(0x000000e95b500000,0x000000e95b600000)]
  0x000002a953e86850 JavaThread "Asynchronous log dispatcher for DefaultDaemonConnection: socket connection from /127.0.0.1:53151 to /127.0.0.1:53152" [_thread_blocked, id=13424, stack(0x000000e95b600000,0x000000e95b700000)]
  0x000002a953e876c0 JavaThread "Stdin handler" [_thread_blocked, id=12016, stack(0x000000e95b700000,0x000000e95b800000)]
  0x000002a953e86380 JavaThread "Daemon client event forwarder" [_thread_blocked, id=18112, stack(0x000000e95b800000,0x000000e95b900000)]

Other Threads:
  0x000002a950632b80 VMThread "VM Thread" [stack: 0x000000e959c00000,0x000000e959d00000] [id=21632]
  0x000002a95120de40 WatcherThread [stack: 0x000000e95a800000,0x000000e95a900000] [id=248]
  0x000002a934cb6c10 GCTaskThread "GC Thread#0" [stack: 0x000000e959700000,0x000000e959800000] [id=20112]
  0x000002a951b4cb90 GCTaskThread "GC Thread#1" [stack: 0x000000e95aa00000,0x000000e95ab00000] [id=692]
  0x000002a951b4ce40 GCTaskThread "GC Thread#2" [stack: 0x000000e95ab00000,0x000000e95ac00000] [id=5776]
  0x000002a951612e20 GCTaskThread "GC Thread#3" [stack: 0x000000e95ac00000,0x000000e95ad00000] [id=10208]
  0x000002a9516130d0 GCTaskThread "GC Thread#4" [stack: 0x000000e95ad00000,0x000000e95ae00000] [id=10872]
  0x000002a951613380 GCTaskThread "GC Thread#5" [stack: 0x000000e95ae00000,0x000000e95af00000] [id=4604]
  0x000002a934cc7b50 ConcurrentGCThread "G1 Main Marker" [stack: 0x000000e959800000,0x000000e959900000] [id=21244]
  0x000002a934cc8560 ConcurrentGCThread "G1 Conc#0" [stack: 0x000000e959900000,0x000000e959a00000] [id=15844]
  0x000002a95402b120 ConcurrentGCThread "G1 Conc#1" [stack: 0x000000e95b900000,0x000000e95ba00000] [id=11652]
  0x000002a934d2d410 ConcurrentGCThread "G1 Refine#0" [stack: 0x000000e959a00000,0x000000e959b00000] [id=11792]
  0x000002a951924c00 ConcurrentGCThread "G1 Refine#1" [stack: 0x000000e95af00000,0x000000e95b000000] [id=10940]
  0x000002a934d2de30 ConcurrentGCThread "G1 Service" [stack: 0x000000e959b00000,0x000000e959c00000] [id=1256]

Threads with active compile tasks:
C2 CompilerThread0     3921 1988       4       jdk.internal.org.objectweb.asm.Frame::execute (2305 bytes)

VM state: not at safepoint (normal execution)

VM Mutex/Monitor currently owned by a thread: None

Heap address: 0x0000000080000000, size: 2048 MB, Compressed Oops mode: 32-bit

CDS archive(s) not mapped
Compressed class space mapped at: 0x0000000100000000-0x0000000140000000, reserved size: 1073741824
Narrow klass base: 0x0000000000000000, Narrow klass shift: 3, Narrow klass range: 0x140000000

GC Precious Log:
 CPUs: 6 total, 6 available
 Memory: 16295M
 Large Page Support: Disabled
 NUMA Support: Disabled
 Compressed Oops: Enabled (32-bit)
 Heap Region Size: 1M
 Heap Min Capacity: 8M
 Heap Initial Capacity: 256M
 Heap Max Capacity: 2G
 Pre-touch: Disabled
 Parallel Workers: 6
 Concurrent Workers: 2
 Concurrent Refinement Workers: 6
 Periodic GC: Disabled

Heap:
 garbage-first heap   total 71680K, used 18663K [0x0000000080000000, 0x0000000100000000)
  region size 1024K, 10 young (10240K), 9 survivors (9216K)
 Metaspace       used 21353K, committed 21568K, reserved 1073152K
  class space    used 2612K, committed 2688K, reserved 1048576K

Heap Regions: E=young(eden), S=young(survivor), O=old, HS=humongous(starts), HC=humongous(continues), CS=collection set, F=free, OA=open archive, CA=closed archive, TAMS=top-at-mark-start (previous, next)
|   0|0x0000000080000000, 0x0000000080100000, 0x0000000080100000|100%|HS|  |TAMS 0x0000000080100000, 0x0000000080000000| Complete 
|   1|0x0000000080100000, 0x0000000080200000, 0x0000000080200000|100%|HC|  |TAMS 0x0000000080200000, 0x0000000080100000| Complete 
|   2|0x0000000080200000, 0x0000000080300000, 0x0000000080300000|100%|HC|  |TAMS 0x0000000080300000, 0x0000000080200000| Complete 
|   3|0x0000000080300000, 0x0000000080400000, 0x0000000080400000|100%|HC|  |TAMS 0x0000000080400000, 0x0000000080300000| Complete 
|   4|0x0000000080400000, 0x0000000080500000, 0x0000000080500000|100%| O|  |TAMS 0x0000000080500000, 0x0000000080400000| Untracked 
|   5|0x0000000080500000, 0x0000000080600000, 0x0000000080600000|100%| O|  |TAMS 0x0000000080600000, 0x0000000080500000| Untracked 
|   6|0x0000000080600000, 0x0000000080700000, 0x0000000080700000|100%| O|  |TAMS 0x0000000080700000, 0x0000000080600000| Untracked 
|   7|0x0000000080700000, 0x0000000080800000, 0x0000000080800000|100%| O|  |TAMS 0x0000000080800000, 0x0000000080700000| Untracked 
|   8|0x0000000080800000, 0x0000000080900000, 0x0000000080900000|100%| O|  |TAMS 0x0000000080900000, 0x0000000080800000| Untracked 
|   9|0x0000000080900000, 0x0000000080a00000, 0x0000000080a00000|100%| O|  |TAMS 0x0000000080a00000, 0x0000000080900000| Untracked 
|  10|0x0000000080a00000, 0x0000000080a1bc00, 0x0000000080b00000| 10%| O|  |TAMS 0x0000000080a1bc00, 0x0000000080a00000| Untracked 
|  11|0x0000000080b00000, 0x0000000080b00000, 0x0000000080c00000|  0%| F|  |TAMS 0x0000000080b00000, 0x0000000080b00000| Untracked 
|  12|0x0000000080c00000, 0x0000000080c00000, 0x0000000080d00000|  0%| F|  |TAMS 0x0000000080c00000, 0x0000000080c00000| Untracked 
|  13|0x0000000080d00000, 0x0000000080d00000, 0x0000000080e00000|  0%| F|  |TAMS 0x0000000080d00000, 0x0000000080d00000| Untracked 
|  14|0x0000000080e00000, 0x0000000080e00000, 0x0000000080f00000|  0%| F|  |TAMS 0x0000000080e00000, 0x0000000080e00000| Untracked 
|  15|0x0000000080f00000, 0x0000000080f00000, 0x0000000081000000|  0%| F|  |TAMS 0x0000000080f00000, 0x0000000080f00000| Untracked 
|  16|0x0000000081000000, 0x0000000081000000, 0x0000000081100000|  0%| F|  |TAMS 0x0000000081000000, 0x0000000081000000| Untracked 
|  17|0x0000000081100000, 0x0000000081100000, 0x0000000081200000|  0%| F|  |TAMS 0x0000000081100000, 0x0000000081100000| Untracked 
|  18|0x0000000081200000, 0x0000000081200000, 0x0000000081300000|  0%| F|  |TAMS 0x0000000081200000, 0x0000000081200000| Untracked 
|  19|0x0000000081300000, 0x0000000081300000, 0x0000000081400000|  0%| F|  |TAMS 0x0000000081300000, 0x0000000081300000| Untracked 
|  20|0x0000000081400000, 0x0000000081400000, 0x0000000081500000|  0%| F|  |TAMS 0x0000000081400000, 0x0000000081400000| Untracked 
|  21|0x0000000081500000, 0x0000000081500000, 0x0000000081600000|  0%| F|  |TAMS 0x0000000081500000, 0x0000000081500000| Untracked 
|  22|0x0000000081600000, 0x0000000081600000, 0x0000000081700000|  0%| F|  |TAMS 0x0000000081600000, 0x0000000081600000| Untracked 
|  23|0x0000000081700000, 0x0000000081700000, 0x0000000081800000|  0%| F|  |TAMS 0x0000000081700000, 0x0000000081700000| Untracked 
|  24|0x0000000081800000, 0x0000000081800000, 0x0000000081900000|  0%| F|  |TAMS 0x0000000081800000, 0x0000000081800000| Untracked 
|  25|0x0000000081900000, 0x0000000081900000, 0x0000000081a00000|  0%| F|  |TAMS 0x0000000081900000, 0x0000000081900000| Untracked 
|  26|0x0000000081a00000, 0x0000000081a00000, 0x0000000081b00000|  0%| F|  |TAMS 0x0000000081a00000, 0x0000000081a00000| Untracked 
|  27|0x0000000081b00000, 0x0000000081b00000, 0x0000000081c00000|  0%| F|  |TAMS 0x0000000081b00000, 0x0000000081b00000| Untracked 
|  28|0x0000000081c00000, 0x0000000081c00000, 0x0000000081d00000|  0%| F|  |TAMS 0x0000000081c00000, 0x0000000081c00000| Untracked 
|  29|0x0000000081d00000, 0x0000000081d00000, 0x0000000081e00000|  0%| F|  |TAMS 0x0000000081d00000, 0x0000000081d00000| Untracked 
|  30|0x0000000081e00000, 0x0000000081e00000, 0x0000000081f00000|  0%| F|  |TAMS 0x0000000081e00000, 0x0000000081e00000| Untracked 
|  31|0x0000000081f00000, 0x0000000081f00000, 0x0000000082000000|  0%| F|  |TAMS 0x0000000081f00000, 0x0000000081f00000| Untracked 
|  32|0x0000000082000000, 0x0000000082000000, 0x0000000082100000|  0%| F|  |TAMS 0x0000000082000000, 0x0000000082000000| Untracked 
|  33|0x0000000082100000, 0x0000000082100000, 0x0000000082200000|  0%| F|  |TAMS 0x0000000082100000, 0x0000000082100000| Untracked 
|  34|0x0000000082200000, 0x0000000082200000, 0x0000000082300000|  0%| F|  |TAMS 0x0000000082200000, 0x0000000082200000| Untracked 
|  35|0x0000000082300000, 0x0000000082300000, 0x0000000082400000|  0%| F|  |TAMS 0x0000000082300000, 0x0000000082300000| Untracked 
|  36|0x0000000082400000, 0x0000000082400000, 0x0000000082500000|  0%| F|  |TAMS 0x0000000082400000, 0x0000000082400000| Untracked 
|  37|0x0000000082500000, 0x0000000082500000, 0x0000000082600000|  0%| F|  |TAMS 0x0000000082500000, 0x0000000082500000| Untracked 
|  38|0x0000000082600000, 0x0000000082600000, 0x0000000082700000|  0%| F|  |TAMS 0x0000000082600000, 0x0000000082600000| Untracked 
|  39|0x0000000082700000, 0x0000000082700000, 0x0000000082800000|  0%| F|  |TAMS 0x0000000082700000, 0x0000000082700000| Untracked 
|  40|0x0000000082800000, 0x0000000082800000, 0x0000000082900000|  0%| F|  |TAMS 0x0000000082800000, 0x0000000082800000| Untracked 
|  41|0x0000000082900000, 0x0000000082900000, 0x0000000082a00000|  0%| F|  |TAMS 0x0000000082900000, 0x0000000082900000| Untracked 
|  42|0x0000000082a00000, 0x0000000082a00000, 0x0000000082b00000|  0%| F|  |TAMS 0x0000000082a00000, 0x0000000082a00000| Untracked 
|  43|0x0000000082b00000, 0x0000000082b00000, 0x0000000082c00000|  0%| F|  |TAMS 0x0000000082b00000, 0x0000000082b00000| Untracked 
|  44|0x0000000082c00000, 0x0000000082c00000, 0x0000000082d00000|  0%| F|  |TAMS 0x0000000082c00000, 0x0000000082c00000| Untracked 
|  45|0x0000000082d00000, 0x0000000082d00000, 0x0000000082e00000|  0%| F|  |TAMS 0x0000000082d00000, 0x0000000082d00000| Untracked 
|  46|0x0000000082e00000, 0x0000000082e00000, 0x0000000082f00000|  0%| F|  |TAMS 0x0000000082e00000, 0x0000000082e00000| Untracked 
|  47|0x0000000082f00000, 0x0000000082f00000, 0x0000000083000000|  0%| F|  |TAMS 0x0000000082f00000, 0x0000000082f00000| Untracked 
|  48|0x0000000083000000, 0x0000000083000000, 0x0000000083100000|  0%| F|  |TAMS 0x0000000083000000, 0x0000000083000000| Untracked 
|  49|0x0000000083100000, 0x0000000083100000, 0x0000000083200000|  0%| F|  |TAMS 0x0000000083100000, 0x0000000083100000| Untracked 
|  50|0x0000000083200000, 0x0000000083200000, 0x0000000083300000|  0%| F|  |TAMS 0x0000000083200000, 0x0000000083200000| Untracked 
|  51|0x0000000083300000, 0x0000000083300000, 0x0000000083400000|  0%| F|  |TAMS 0x0000000083300000, 0x0000000083300000| Untracked 
|  52|0x0000000083400000, 0x0000000083400000, 0x0000000083500000|  0%| F|  |TAMS 0x0000000083400000, 0x0000000083400000| Untracked 
|  53|0x0000000083500000, 0x0000000083500000, 0x0000000083600000|  0%| F|  |TAMS 0x0000000083500000, 0x0000000083500000| Untracked 
|  54|0x0000000083600000, 0x0000000083600000, 0x0000000083700000|  0%| F|  |TAMS 0x0000000083600000, 0x0000000083600000| Untracked 
|  55|0x0000000083700000, 0x0000000083700000, 0x0000000083800000|  0%| F|  |TAMS 0x0000000083700000, 0x0000000083700000| Untracked 
|  56|0x0000000083800000, 0x0000000083800000, 0x0000000083900000|  0%| F|  |TAMS 0x0000000083800000, 0x0000000083800000| Untracked 
|  57|0x0000000083900000, 0x0000000083900000, 0x0000000083a00000|  0%| F|  |TAMS 0x0000000083900000, 0x0000000083900000| Untracked 
|  58|0x0000000083a00000, 0x0000000083a00000, 0x0000000083b00000|  0%| F|  |TAMS 0x0000000083a00000, 0x0000000083a00000| Untracked 
|  59|0x0000000083b00000, 0x0000000083b00000, 0x0000000083c00000|  0%| F|  |TAMS 0x0000000083b00000, 0x0000000083b00000| Untracked 
| 199|0x000000008c700000, 0x000000008c71e390, 0x000000008c800000| 11%| S|CS|TAMS 0x000000008c700000, 0x000000008c700000| Complete 
| 200|0x000000008c800000, 0x000000008c900000, 0x000000008c900000|100%| S|CS|TAMS 0x000000008c800000, 0x000000008c800000| Complete 
| 201|0x000000008c900000, 0x000000008ca00000, 0x000000008ca00000|100%| S|CS|TAMS 0x000000008c900000, 0x000000008c900000| Complete 
| 202|0x000000008ca00000, 0x000000008cb00000, 0x000000008cb00000|100%| S|CS|TAMS 0x000000008ca00000, 0x000000008ca00000| Complete 
| 203|0x000000008cb00000, 0x000000008cc00000, 0x000000008cc00000|100%| S|CS|TAMS 0x000000008cb00000, 0x000000008cb00000| Complete 
| 204|0x000000008cc00000, 0x000000008cd00000, 0x000000008cd00000|100%| S|CS|TAMS 0x000000008cc00000, 0x000000008cc00000| Complete 
| 205|0x000000008cd00000, 0x000000008ce00000, 0x000000008ce00000|100%| S|CS|TAMS 0x000000008cd00000, 0x000000008cd00000| Complete 
| 206|0x000000008ce00000, 0x000000008cf00000, 0x000000008cf00000|100%| S|CS|TAMS 0x000000008ce00000, 0x000000008ce00000| Complete 
| 207|0x000000008cf00000, 0x000000008d000000, 0x000000008d000000|100%| S|CS|TAMS 0x000000008cf00000, 0x000000008cf00000| Complete 
| 255|0x000000008ff00000, 0x000000008fff2960, 0x0000000090000000| 94%| E|  |TAMS 0x000000008ff00000, 0x000000008ff00000| Complete 

Card table byte_map: [0x000002a949550000,0x000002a949950000] _byte_map_base: 0x000002a949150000

Marking Bits (Prev, Next): (CMBitMap*) 0x000002a934cb7260, (CMBitMap*) 0x000002a934cb7220
 Prev Bits: [0x000002a94bd50000, 0x000002a94dd50000)
 Next Bits: [0x000002a949d50000, 0x000002a94bd50000)

Polling page: 0x000002a934d30000

Metaspace:

Usage:
  Non-class:     18.30 MB used.
      Class:      2.55 MB used.
       Both:     20.85 MB used.

Virtual space:
  Non-class space:       24.00 MB reserved,      18.44 MB ( 77%) committed,  3 nodes.
      Class space:        1.00 GB reserved,       2.62 MB ( <1%) committed,  1 nodes.
             Both:        1.02 GB reserved,      21.06 MB (  2%) committed. 

Chunk freelists:
   Non-Class:  640.00 KB
       Class:  1.38 MB
        Both:  2.01 MB

MaxMetaspaceSize: unlimited
CompressedClassSpaceSize: 1.00 GB
Initial GC threshold: 21.00 MB
Current GC threshold: 35.12 MB
CDS: off
MetaspaceReclaimPolicy: balanced
 - commit_granule_bytes: 65536.
 - commit_granule_words: 8192.
 - virtual_space_node_default_size: 1048576.
 - enlarge_chunks_in_place: 1.
 - new_chunks_are_fully_committed: 0.
 - uncommit_free_chunks: 1.
 - use_allocation_guard: 0.
 - handle_deallocations: 1.


Internal statistics:

num_allocs_failed_limit: 3.
num_arena_births: 178.
num_arena_deaths: 0.
num_vsnodes_births: 4.
num_vsnodes_deaths: 0.
num_space_committed: 337.
num_space_uncommitted: 0.
num_chunks_returned_to_freelist: 3.
num_chunks_taken_from_freelist: 569.
num_chunk_merges: 3.
num_chunk_splits: 371.
num_chunks_enlarged: 278.
num_purges: 0.
num_inconsistent_stats: 0.

CodeHeap 'non-profiled nmethods': size=120000Kb used=1014Kb max_used=1014Kb free=118985Kb
 bounds [0x000002a9413d0000, 0x000002a941640000, 0x000002a948900000]
CodeHeap 'profiled nmethods': size=120000Kb used=4105Kb max_used=4105Kb free=115894Kb
 bounds [0x000002a939900000, 0x000002a939d10000, 0x000002a940e30000]
CodeHeap 'non-nmethods': size=5760Kb used=1198Kb max_used=1216Kb free=4562Kb
 bounds [0x000002a940e30000, 0x000002a9410a0000, 0x000002a9413d0000]
 total_blobs=2532 nmethods=2025 adapters=420
 compilation: enabled
              stopped_count=0, restarted_count=0
 full_count=0

Compilation events (20 events):
Event: 3.879 Thread 0x000002a951085920 2008       3       sun.reflect.generics.factory.CoreReflectionFactory::getDeclsLoader (85 bytes)
Event: 3.880 Thread 0x000002a951085920 nmethod 2008 0x000002a939cf7910 code [0x000002a939cf7ce0, 0x000002a939cf9df8]
Event: 3.880 Thread 0x000002a951085920 2009       3       sun.reflect.generics.tree.ClassTypeSignature::accept (8 bytes)
Event: 3.880 Thread 0x000002a951085920 nmethod 2009 0x000002a939cfa610 code [0x000002a939cfa7c0, 0x000002a939cfa948]
Event: 3.880 Thread 0x000002a951085920 2010       3       sun.reflect.generics.visitor.Reifier::visitClassTypeSignature (381 bytes)
Event: 3.882 Thread 0x000002a951085920 nmethod 2010 0x000002a939cfaa90 code [0x000002a939cfaea0, 0x000002a939cfc9e8]
Event: 3.883 Thread 0x000002a951085920 2011       3       java.lang.Class::isAnnotation (17 bytes)
Event: 3.884 Thread 0x000002a951085920 nmethod 2011 0x000002a939cfd390 code [0x000002a939cfd520, 0x000002a939cfd6b8]
Event: 3.892 Thread 0x000002a951085920 2013       3       sun.reflect.generics.visitor.Reifier::make (9 bytes)
Event: 3.892 Thread 0x000002a951085920 nmethod 2013 0x000002a939cfd790 code [0x000002a939cfd940, 0x000002a939cfdb98]
Event: 3.892 Thread 0x000002a951085920 2014       3       sun.reflect.generics.visitor.Reifier::<init> (10 bytes)
Event: 3.892 Thread 0x000002a951085920 nmethod 2014 0x000002a939cfdc90 code [0x000002a939cfde20, 0x000002a939cfdfd8]
Event: 3.892 Thread 0x000002a951085920 2016       3       java.lang.Class$Atomic::casAnnotationData (13 bytes)
Event: 3.893 Thread 0x000002a951085920 nmethod 2016 0x000002a939cfe090 code [0x000002a939cfe220, 0x000002a939cfe378]
Event: 3.893 Thread 0x000002a951085920 2015       3       sun.reflect.generics.visitor.Reifier::getResult (26 bytes)
Event: 3.893 Thread 0x000002a951085920 nmethod 2015 0x000002a939cfe410 code [0x000002a939cfe5a0, 0x000002a939cfe6b8]
Event: 3.894 Thread 0x000002a951085920 2018       3       sun.invoke.util.BytecodeDescriptor::unparseMethod (66 bytes)
Event: 3.894 Thread 0x000002a951085920 nmethod 2018 0x000002a939cfe790 code [0x000002a939cfe9c0, 0x000002a939cff048]
Event: 3.894 Thread 0x000002a951085920 2019       3       java.nio.HeapByteBuffer::get (14 bytes)
Event: 3.895 Thread 0x000002a951085920 nmethod 2019 0x000002a939cff310 code [0x000002a939cff4e0, 0x000002a939cff7c8]

GC Heap History (4 events):
Event: 0.831 GC heap before
{Heap before GC invocations=0 (full 0):
 garbage-first heap   total 262144K, used 24576K [0x0000000080000000, 0x0000000100000000)
  region size 1024K, 21 young (21504K), 0 survivors (0K)
 Metaspace       used 10192K, committed 10368K, reserved 1064960K
  class space    used 1056K, committed 1088K, reserved 1048576K
}
Event: 0.842 GC heap after
{Heap after GC invocations=1 (full 0):
 garbage-first heap   total 262144K, used 10016K [0x0000000080000000, 0x0000000100000000)
  region size 1024K, 3 young (3072K), 3 survivors (3072K)
 Metaspace       used 10192K, committed 10368K, reserved 1064960K
  class space    used 1056K, committed 1088K, reserved 1048576K
}
Event: 1.341 GC heap before
{Heap before GC invocations=1 (full 0):
 garbage-first heap   total 262144K, used 32544K [0x0000000080000000, 0x0000000100000000)
  region size 1024K, 25 young (25600K), 3 survivors (3072K)
 Metaspace       used 11179K, committed 11392K, reserved 1064960K
  class space    used 1166K, committed 1280K, reserved 1048576K
}
Event: 1.342 GC heap after
{Heap after GC invocations=2 (full 0):
 garbage-first heap   total 262144K, used 10956K [0x0000000080000000, 0x0000000100000000)
  region size 1024K, 1 young (1024K), 1 survivors (1024K)
 Metaspace       used 11179K, committed 11392K, reserved 1064960K
  class space    used 1166K, committed 1280K, reserved 1048576K
}

Dll operation events (2 events):
Event: 0.007 Loaded shared library C:\Program Files\Android\Android Studio\jbr\bin\java.dll
Event: 0.543 Loaded shared library C:\Program Files\Android\Android Studio\jbr\bin\verify.dll

Deoptimization events (20 events):
Event: 3.031 Thread 0x000002a953fb4040 Uncommon trap: trap_request=0xffffff45 fr.pc=0x000002a9413e8714 relative=0x00000000000003f4
Event: 3.031 Thread 0x000002a953fb4040 Uncommon trap: reason=unstable_if action=reinterpret pc=0x000002a9413e8714 method=java.lang.StringUTF16.compress([CII)[B @ 13 c2
Event: 3.031 Thread 0x000002a953fb4040 DEOPT PACKING pc=0x000002a9413e8714 sp=0x000000e95b3fec50
Event: 3.031 Thread 0x000002a953fb4040 DEOPT UNPACKING pc=0x000002a940e869a3 sp=0x000000e95b3feb90 mode 2
Event: 3.101 Thread 0x000002a953c54550 Uncommon trap: trap_request=0xffffff45 fr.pc=0x000002a941472c40 relative=0x0000000000001320
Event: 3.101 Thread 0x000002a953c54550 Uncommon trap: reason=unstable_if action=reinterpret pc=0x000002a941472c40 method=java.util.concurrent.ConcurrentHashMap.putVal(Ljava/lang/Object;Ljava/lang/Object;Z)Ljava/lang/Object; @ 256 c2
Event: 3.101 Thread 0x000002a953c54550 DEOPT PACKING pc=0x000002a941472c40 sp=0x000000e95b5feb20
Event: 3.101 Thread 0x000002a953c54550 DEOPT UNPACKING pc=0x000002a940e869a3 sp=0x000000e95b5fea98 mode 2
Event: 3.115 Thread 0x000002a953c54550 Uncommon trap: trap_request=0xffffffc6 fr.pc=0x000002a941470ba8 relative=0x00000000000005c8
Event: 3.115 Thread 0x000002a953c54550 Uncommon trap: reason=bimorphic_or_optimized_type_check action=maybe_recompile pc=0x000002a941470ba8 method=java.util.concurrent.ConcurrentHashMap.get(Ljava/lang/Object;)Ljava/lang/Object; @ 149 c2
Event: 3.115 Thread 0x000002a953c54550 DEOPT PACKING pc=0x000002a941470ba8 sp=0x000000e95b5fdf60
Event: 3.115 Thread 0x000002a953c54550 DEOPT UNPACKING pc=0x000002a940e869a3 sp=0x000000e95b5fdf00 mode 2
Event: 3.349 Thread 0x000002a953c54550 Uncommon trap: trap_request=0xffffff45 fr.pc=0x000002a94141d210 relative=0x0000000000000250
Event: 3.349 Thread 0x000002a953c54550 Uncommon trap: reason=unstable_if action=reinterpret pc=0x000002a94141d210 method=java.util.HashMap.getNode(Ljava/lang/Object;)Ljava/util/HashMap$Node; @ 66 c2
Event: 3.349 Thread 0x000002a953c54550 DEOPT PACKING pc=0x000002a94141d210 sp=0x000000e95b5fc000
Event: 3.349 Thread 0x000002a953c54550 DEOPT UNPACKING pc=0x000002a940e869a3 sp=0x000000e95b5fbf80 mode 2
Event: 3.361 Thread 0x000002a953c54550 Uncommon trap: trap_request=0xffffff45 fr.pc=0x000002a9414bb724 relative=0x00000000000003e4
Event: 3.361 Thread 0x000002a953c54550 Uncommon trap: reason=unstable_if action=reinterpret pc=0x000002a9414bb724 method=java.util.concurrent.ConcurrentHashMap.get(Ljava/lang/Object;)Ljava/lang/Object; @ 76 c2
Event: 3.361 Thread 0x000002a953c54550 DEOPT PACKING pc=0x000002a9414bb724 sp=0x000000e95b5fb570
Event: 3.361 Thread 0x000002a953c54550 DEOPT UNPACKING pc=0x000002a940e869a3 sp=0x000000e95b5fb4f8 mode 2

Classes unloaded (0 events):
No events

Classes redefined (0 events):
No events

Internal exceptions (20 events):
Event: 0.710 Thread 0x000002a934c59e40 Exception <a 'java/lang/NoSuchMethodError'{0x000000008ee42d30}: 'int java.lang.invoke.DirectMethodHandle$Holder.invokeSpecial(java.lang.Object, java.lang.Object, java.lang.Object)'> (0x000000008ee42d30) 
thrown [s\src\hotspot\share\interpreter\linkResolver.cpp, line 771]
Event: 0.712 Thread 0x000002a934c59e40 Exception <a 'java/lang/NoSuchMethodError'{0x000000008ee56608}: 'java.lang.Object java.lang.invoke.Invokers$Holder.invokeExact_MT(java.lang.Object, java.lang.Object, java.lang.Object, java.lang.Object)'> (0x000000008ee56608) 
thrown [s\src\hotspot\share\interpreter\linkResolver.cpp, line 771]
Event: 0.980 Thread 0x000002a934c59e40 Exception <a 'java/lang/NoSuchMethodError'{0x000000008fbca610}: 'void java.lang.invoke.DirectMethodHandle$Holder.invokeInterface(java.lang.Object, java.lang.Object, java.lang.Object)'> (0x000000008fbca610) 
thrown [s\src\hotspot\share\interpreter\linkResolver.cpp, line 771]
Event: 1.994 Thread 0x000002a934c59e40 Exception <a 'java/lang/NoSuchMethodError'{0x000000008eb5acb8}: 'java.lang.Object java.lang.invoke.DirectMethodHandle$Holder.invokeStaticInit(java.lang.Object)'> (0x000000008eb5acb8) 
thrown [s\src\hotspot\share\interpreter\linkResolver.cpp, line 771]
Event: 2.015 Thread 0x000002a934c59e40 Exception <a 'java/lang/NoSuchMethodError'{0x000000008ebbc3b8}: 'java.lang.Object java.lang.invoke.DirectMethodHandle$Holder.invokeInterface(java.lang.Object, java.lang.Object)'> (0x000000008ebbc3b8) 
thrown [s\src\hotspot\share\interpreter\linkResolver.cpp, line 771]
Event: 2.213 Thread 0x000002a934c59e40 Exception <a 'java/lang/NoSuchMethodError'{0x000000008e5b66e0}: 'java.lang.Object java.lang.invoke.DirectMethodHandle$Holder.invokeStaticInit(java.lang.Object, int, int, int, int)'> (0x000000008e5b66e0) 
thrown [s\src\hotspot\share\interpreter\linkResolver.cpp, line 771]
Event: 2.276 Thread 0x000002a934c59e40 Exception <a 'java/lang/NoSuchMethodError'{0x000000008e47b120}: 'java.lang.Object java.lang.invoke.DirectMethodHandle$Holder.invokeStaticInit(java.lang.Object, java.lang.Object, int, int, int, int)'> (0x000000008e47b120) 
thrown [s\src\hotspot\share\interpreter\linkResolver.cpp, line 771]
Event: 2.850 Thread 0x000002a934c59e40 Exception <a 'java/lang/NoSuchMethodError'{0x000000008e39cd08}: 'void java.lang.invoke.DirectMethodHandle$Holder.invokeStatic(java.lang.Object, java.lang.Object, java.lang.Object)'> (0x000000008e39cd08) 
thrown [s\src\hotspot\share\interpreter\linkResolver.cpp, line 771]
Event: 2.899 Thread 0x000002a934c59e40 Exception <a 'java/io/IOException'{0x000000008e237a48}> (0x000000008e237a48) 
thrown [s\src\hotspot\share\prims\jni.cpp, line 517]
Event: 3.174 Thread 0x000002a953c54550 Exception <a 'java/lang/NoSuchMethodError'{0x000000008dcc7e00}: 'long java.lang.invoke.DirectMethodHandle$Holder.invokeInterface(java.lang.Object, java.lang.Object)'> (0x000000008dcc7e00) 
thrown [s\src\hotspot\share\interpreter\linkResolver.cpp, line 771]
Event: 3.179 Thread 0x000002a953c54550 Exception <a 'java/lang/NoSuchMethodError'{0x000000008db8a0f8}: 'java.lang.Object java.lang.invoke.DirectMethodHandle$Holder.invokeVirtual(java.lang.Object, java.lang.Object, java.lang.Object)'> (0x000000008db8a0f8) 
thrown [s\src\hotspot\share\interpreter\linkResolver.cpp, line 771]
Event: 3.355 Thread 0x000002a953c54550 Exception <a 'java/lang/NoSuchMethodError'{0x000000008d7ddf88}: 'java.lang.Object java.lang.invoke.DirectMethodHandle$Holder.newInvokeSpecial(java.lang.Object, java.lang.Object, java.lang.Object, java.lang.Object, java.lang.Object)'> (0x000000008d7ddf88) 
thrown [s\src\hotspot\share\interpreter\linkResolver.cpp, line 771]
Event: 3.534 Thread 0x000002a953c54550 Exception <a 'java/lang/NoSuchMethodError'{0x000000008d584490}: 'void java.lang.invoke.DirectMethodHandle$Holder.invokeSpecial(java.lang.Object, java.lang.Object, java.lang.Object)'> (0x000000008d584490) 
thrown [s\src\hotspot\share\interpreter\linkResolver.cpp, line 771]
Event: 3.551 Thread 0x000002a953c54550 Exception <a 'java/lang/NoSuchMethodError'{0x000000008d405250}: 'java.lang.Object java.lang.invoke.DirectMethodHandle$Holder.newInvokeSpecial(java.lang.Object, java.lang.Object, java.lang.Object, java.lang.Object, java.lang.Object, java.lang.Object)'> (0x000000008d405250) 
thrown [s\src\hotspot\share\interpreter\linkResolver.cpp, line 771]
Event: 3.552 Thread 0x000002a953c54550 Exception <a 'java/lang/NoSuchMethodError'{0x000000008d412230}: 'void java.lang.invoke.DirectMethodHandle$Holder.invokeSpecial(java.lang.Object, java.lang.Object, java.lang.Object, java.lang.Object, java.lang.Object)'> (0x000000008d412230) 
thrown [s\src\hotspot\share\interpreter\linkResolver.cpp, line 771]
Event: 3.756 Thread 0x000002a953c54550 Exception <a 'java/lang/NoSuchMethodError'{0x000000008d29b818}: 'void java.lang.invoke.DelegatingMethodHandle$Holder.reinvoke_L(java.lang.Object, java.lang.Object, java.lang.Object, java.lang.Object, java.lang.Object, java.lang.Object, java.lang.Object, java.lang.Object, java.lang.Object, java.lang.Object, java.lang.Object)'> (0x000000008d29b818) 
thrown [s\src\hotspot\share\interpreter\linkResolver.cpp, line 771]
Event: 3.756 Thread 0x000002a953c54550 Exception <a 'java/lang/NoSuchMethodError'{0x000000008d2a4318}: 'java.lang.Object java.lang.invoke.DirectMethodHandle$Holder.invokeSpecial(java.lang.Object, java.lang.Object, java.lang.Object, java.lang.Object, java.lang.Object, java.lang.Object, java.lang.Object, java.lang.Object, java.lang.Object, java.lang.Object, java.lang.Object)'> (0x000000008d2a4318) 
thrown [s\src\hotspot\share\interpreter\linkResolver.cpp, line 771]
Event: 3.861 Thread 0x000002a953c54550 Exception <a 'java/lang/NoSuchMethodError'{0x000000008d2a8de0}: 'java.lang.Object java.lang.invoke.Invokers$Holder.invoker(java.lang.Object, java.lang.Object, java.lang.Object, java.lang.Object, java.lang.Object, java.lang.Object, java.lang.Object, java.lang.Object, java.lang.Object, java.lang.Object, java.lang.Object)'> (0x000000008d2a8de0) 
thrown [s\src\hotspot\share\interpreter\linkResolver.cpp, line 771]
Event: 3.862 Thread 0x000002a953c54550 Exception <a 'java/lang/NoSuchMethodError'{0x000000008d2aebd8}: 'java.lang.Object java.lang.invoke.DirectMethodHandle$Holder.invokeSpecial(java.lang.Object, java.lang.Object, java.lang.Object, java.lang.Object, java.lang.Object, java.lang.Object, java.lang.Object, java.lang.Object, java.lang.Object, java.lang.Object, java.lang.Object, java.lang.Object)'> (0x000000008d2aebd8) 
thrown [s\src\hotspot\share\interpreter\linkResolver.cpp, line 771]
Event: 3.893 Thread 0x000002a953c54550 Exception <a 'java/lang/NoSuchMethodError'{0x000000008d1bbb70}: 'java.lang.Object java.lang.invoke.DirectMethodHandle$Holder.invokeSpecial(java.lang.Object, java.lang.Object, java.lang.Object, java.lang.Object, java.lang.Object, java.lang.Object, java.lang.Object, java.lang.Object, java.lang.Object)'> (0x000000008d1bbb70) 
thrown [s\src\hotspot\share\interpreter\linkResolver.cpp, line 771]

VM Operations (20 events):
Event: 1.341 Executing VM operation: G1CollectForAllocation
Event: 1.342 Executing VM operation: G1CollectForAllocation done
Event: 1.866 Executing VM operation: HandshakeAllThreads
Event: 1.866 Executing VM operation: HandshakeAllThreads done
Event: 1.954 Executing VM operation: HandshakeAllThreads
Event: 1.954 Executing VM operation: HandshakeAllThreads done
Event: 2.013 Executing VM operation: HandshakeAllThreads
Event: 2.013 Executing VM operation: HandshakeAllThreads done
Event: 2.057 Executing VM operation: HandshakeAllThreads
Event: 2.143 Executing VM operation: HandshakeAllThreads done
Event: 2.200 Executing VM operation: HandshakeAllThreads
Event: 2.200 Executing VM operation: HandshakeAllThreads done
Event: 2.246 Executing VM operation: HandshakeAllThreads
Event: 2.246 Executing VM operation: HandshakeAllThreads done
Event: 2.842 Executing VM operation: HandshakeAllThreads
Event: 2.848 Executing VM operation: HandshakeAllThreads done
Event: 2.848 Executing VM operation: Cleanup
Event: 2.848 Executing VM operation: Cleanup done
Event: 2.942 Executing VM operation: HandshakeAllThreads
Event: 2.943 Executing VM operation: HandshakeAllThreads done

Events (20 events):
Event: 3.362 loading class java/util/stream/MatchOps$BooleanTerminalSink
Event: 3.363 loading class java/util/stream/MatchOps$BooleanTerminalSink done
Event: 3.363 loading class java/util/stream/MatchOps$1MatchSink
Event: 3.363 loading class java/util/stream/MatchOps$1MatchSink done
Event: 3.562 loading class java/lang/invoke/MethodHandle$1
Event: 3.562 loading class java/lang/invoke/MethodHandle$1 done
Event: 3.566 loading class java/util/ConcurrentModificationException
Event: 3.566 loading class java/util/ConcurrentModificationException done
Event: 3.737 loading class sun/reflect/generics/scope/ConstructorScope
Event: 3.737 loading class sun/reflect/generics/scope/ConstructorScope done
Event: 3.737 loading class sun/reflect/generics/tree/VoidDescriptor
Event: 3.737 loading class sun/reflect/generics/tree/VoidDescriptor done
Event: 3.868 loading class java/lang/invoke/BoundMethodHandle$Species_LLLLLLLL
Event: 3.869 loading class java/lang/invoke/BoundMethodHandle$Species_LLLLLLLL done
Event: 3.869 loading class java/lang/invoke/BoundMethodHandle$Species_LLLLLLLLL
Event: 3.869 loading class java/lang/invoke/BoundMethodHandle$Species_LLLLLLLLL done
Event: 3.870 loading class java/lang/invoke/BoundMethodHandle$Species_LLLLLLLLLL
Event: 3.870 loading class java/lang/invoke/BoundMethodHandle$Species_LLLLLLLLLL done
Event: 3.871 loading class java/lang/invoke/BoundMethodHandle$Species_LLLLLLLLLLL
Event: 3.871 loading class java/lang/invoke/BoundMethodHandle$Species_LLLLLLLLLLL done


Dynamic libraries:
0x00007ff7aad80000 - 0x00007ff7aad8a000 	C:\Program Files\Android\Android Studio\jbr\bin\java.exe
0x00007ffe76350000 - 0x00007ffe76548000 	C:\WINDOWS\SYSTEM32\ntdll.dll
0x00007ffe76250000 - 0x00007ffe7630f000 	C:\WINDOWS\System32\KERNEL32.DLL
0x00007ffe73c80000 - 0x00007ffe73f5a000 	C:\WINDOWS\System32\KERNELBASE.dll
0x00007ffe74200000 - 0x00007ffe74300000 	C:\WINDOWS\System32\ucrtbase.dll
0x00007ffe6e2a0000 - 0x00007ffe6e2b7000 	C:\Program Files\Android\Android Studio\jbr\bin\jli.dll
0x00007ffe74440000 - 0x00007ffe745dd000 	C:\WINDOWS\System32\USER32.dll
0x00007ffe74410000 - 0x00007ffe74432000 	C:\WINDOWS\System32\win32u.dll
0x00007ffe74aa0000 - 0x00007ffe74acb000 	C:\WINDOWS\System32\GDI32.dll
0x00007ffe74300000 - 0x00007ffe74410000 	C:\WINDOWS\System32\gdi32full.dll
0x00007ffe740b0000 - 0x00007ffe7414d000 	C:\WINDOWS\System32\msvcp_win.dll
0x00007ffe6e180000 - 0x00007ffe6e19b000 	C:\Program Files\Android\Android Studio\jbr\bin\VCRUNTIME140.dll
0x00007ffe60980000 - 0x00007ffe60c1a000 	C:\WINDOWS\WinSxS\amd64_microsoft.windows.common-controls_6595b64144ccf1df_6.0.19041.1110_none_60b5254171f9507e\COMCTL32.dll
0x00007ffe74c00000 - 0x00007ffe74c9e000 	C:\WINDOWS\System32\msvcrt.dll
0x00007ffe75f90000 - 0x00007ffe75fc0000 	C:\WINDOWS\System32\IMM32.DLL
0x00007ffe713e0000 - 0x00007ffe713ec000 	C:\Program Files\Android\Android Studio\jbr\bin\vcruntime140_1.dll
0x00007ffe61420000 - 0x00007ffe614ad000 	C:\Program Files\Android\Android Studio\jbr\bin\msvcp140.dll
0x00007ffe2f880000 - 0x00007ffe304ed000 	C:\Program Files\Android\Android Studio\jbr\bin\server\jvm.dll
0x00007ffe75a30000 - 0x00007ffe75ade000 	C:\WINDOWS\System32\ADVAPI32.dll
0x00007ffe74d00000 - 0x00007ffe74d9c000 	C:\WINDOWS\System32\sechost.dll
0x00007ffe75e60000 - 0x00007ffe75f86000 	C:\WINDOWS\System32\RPCRT4.dll
0x00007ffe5dd40000 - 0x00007ffe5dd49000 	C:\WINDOWS\SYSTEM32\WSOCK32.dll
0x00007ffe76030000 - 0x00007ffe7609b000 	C:\WINDOWS\System32\WS2_32.dll
0x00007ffe63f60000 - 0x00007ffe63f87000 	C:\WINDOWS\SYSTEM32\WINMM.dll
0x00007ffe6da60000 - 0x00007ffe6da6a000 	C:\WINDOWS\SYSTEM32\VERSION.dll
0x00007ffe719d0000 - 0x00007ffe719e2000 	C:\WINDOWS\SYSTEM32\kernel.appcore.dll
0x00007ffe6ee00000 - 0x00007ffe6ee0a000 	C:\Program Files\Android\Android Studio\jbr\bin\jimage.dll
0x00007ffe680e0000 - 0x00007ffe682c4000 	C:\WINDOWS\SYSTEM32\DBGHELP.DLL
0x00007ffe680a0000 - 0x00007ffe680d4000 	C:\WINDOWS\SYSTEM32\dbgcore.DLL
0x00007ffe73fd0000 - 0x00007ffe74052000 	C:\WINDOWS\System32\bcryptPrimitives.dll
0x00007ffe6dcd0000 - 0x00007ffe6dcf5000 	C:\Program Files\Android\Android Studio\jbr\bin\java.dll
0x00007ffe6ddf0000 - 0x00007ffe6de08000 	C:\Program Files\Android\Android Studio\jbr\bin\zip.dll
0x00007ffe74dc0000 - 0x00007ffe75504000 	C:\WINDOWS\System32\SHELL32.dll
0x00007ffe71bd0000 - 0x00007ffe72363000 	C:\WINDOWS\SYSTEM32\windows.storage.dll
0x00007ffe75ae0000 - 0x00007ffe75e34000 	C:\WINDOWS\System32\combase.dll
0x00007ffe73470000 - 0x00007ffe7349e000 	C:\WINDOWS\SYSTEM32\Wldp.dll
0x00007ffe746c0000 - 0x00007ffe7476d000 	C:\WINDOWS\System32\SHCORE.dll
0x00007ffe74ca0000 - 0x00007ffe74cf5000 	C:\WINDOWS\System32\shlwapi.dll
0x00007ffe73a30000 - 0x00007ffe73a4f000 	C:\WINDOWS\SYSTEM32\profapi.dll
0x00007ffe6dc90000 - 0x00007ffe6dca9000 	C:\Program Files\Android\Android Studio\jbr\bin\net.dll
0x00007ffe6d950000 - 0x00007ffe6da5a000 	C:\WINDOWS\SYSTEM32\WINHTTP.dll
0x00007ffe731d0000 - 0x00007ffe7323a000 	C:\WINDOWS\system32\mswsock.dll
0x00007ffe6cbc0000 - 0x00007ffe6cbd6000 	C:\Program Files\Android\Android Studio\jbr\bin\nio.dll
0x00007ffe6e170000 - 0x00007ffe6e180000 	C:\Program Files\Android\Android Studio\jbr\bin\verify.dll
0x00007ffe6a5f0000 - 0x00007ffe6a617000 	C:\Users\Anna\.gradle\native\68d5fa5c4cc2d200863cafc0d521ce42e7d3e7ee720ec0a83991735586a16f82\windows-amd64\native-platform.dll
0x00007ffe40ef0000 - 0x00007ffe41034000 	C:\Users\Anna\.gradle\native\e376f236ea51e6404a007f0833ffe2c6e607c4080706a723a18a27aeea778392\windows-amd64\native-platform-file-events.dll
0x00007ffe6ea10000 - 0x00007ffe6ea19000 	C:\Program Files\Android\Android Studio\jbr\bin\management.dll
0x00007ffe6e260000 - 0x00007ffe6e26b000 	C:\Program Files\Android\Android Studio\jbr\bin\management_ext.dll
0x00007ffe75fc0000 - 0x00007ffe75fc8000 	C:\WINDOWS\System32\PSAPI.DLL
0x00007ffe733d0000 - 0x00007ffe733e8000 	C:\WINDOWS\SYSTEM32\CRYPTSP.dll
0x00007ffe72af0000 - 0x00007ffe72b24000 	C:\WINDOWS\system32\rsaenh.dll
0x00007ffe73c50000 - 0x00007ffe73c77000 	C:\WINDOWS\System32\bcrypt.dll
0x00007ffe739a0000 - 0x00007ffe739ce000 	C:\WINDOWS\SYSTEM32\USERENV.dll
0x00007ffe733c0000 - 0x00007ffe733cc000 	C:\WINDOWS\SYSTEM32\CRYPTBASE.dll
0x00007ffe72ec0000 - 0x00007ffe72efc000 	C:\WINDOWS\SYSTEM32\IPHLPAPI.DLL
0x00007ffe74da0000 - 0x00007ffe74da8000 	C:\WINDOWS\System32\NSI.dll
0x00007ffe6d490000 - 0x00007ffe6d4a7000 	C:\WINDOWS\SYSTEM32\dhcpcsvc6.DLL
0x00007ffe6d560000 - 0x00007ffe6d57d000 	C:\WINDOWS\SYSTEM32\dhcpcsvc.DLL
0x00007ffe72f00000 - 0x00007ffe72fcb000 	C:\WINDOWS\SYSTEM32\DNSAPI.dll
0x00007ffe6d830000 - 0x00007ffe6d837000 	C:\WINDOWS\system32\wshunix.dll

dbghelp: loaded successfully - version: 4.0.5 - missing functions: none
symbol engine: initialized successfully - sym options: 0x614 - pdb path: .;C:\Program Files\Android\Android Studio\jbr\bin;C:\WINDOWS\SYSTEM32;C:\WINDOWS\WinSxS\amd64_microsoft.windows.common-controls_6595b64144ccf1df_6.0.19041.1110_none_60b5254171f9507e;C:\Program Files\Android\Android Studio\jbr\bin\server;C:\Users\Anna\.gradle\native\68d5fa5c4cc2d200863cafc0d521ce42e7d3e7ee720ec0a83991735586a16f82\windows-amd64;C:\Users\Anna\.gradle\native\e376f236ea51e6404a007f0833ffe2c6e607c4080706a723a18a27aeea778392\windows-amd64

VM Arguments:
jvm_args: --add-opens=java.base/java.util=ALL-UNNAMED --add-opens=java.base/java.lang=ALL-UNNAMED --add-opens=java.base/java.lang.invoke=ALL-UNNAMED --add-opens=java.prefs/java.util.prefs=ALL-UNNAMED --add-opens=java.base/java.nio.charset=ALL-UNNAMED --add-opens=java.base/java.net=ALL-UNNAMED --add-opens=java.base/java.util.concurrent.atomic=ALL-UNNAMED -Xmx2048m -Dfile.encoding=UTF-8 -Duser.country=RU -Duser.language=ru -Duser.variant 
java_command: org.gradle.launcher.daemon.bootstrap.GradleDaemon 8.0
java_class_path (initial): C:\Users\Anna\.gradle\wrapper\dists\gradle-8.0-bin\ca5e32bp14vu59qr306oxotwh\gradle-8.0\lib\gradle-launcher-8.0.jar
Launcher Type: SUN_STANDARD

[Global flags]
     intx CICompilerCount                          = 3                                         {product} {ergonomic}
     uint ConcGCThreads                            = 2                                         {product} {ergonomic}
     uint G1ConcRefinementThreads                  = 6                                         {product} {ergonomic}
   size_t G1HeapRegionSize                         = 1048576                                   {product} {ergonomic}
    uintx GCDrainStackTargetSize                   = 64                                        {product} {ergonomic}
   size_t InitialHeapSize                          = 268435456                                 {product} {ergonomic}
   size_t MarkStackSize                            = 4194304                                   {product} {ergonomic}
   size_t MaxHeapSize                              = 2147483648                                {product} {command line}
   size_t MaxNewSize                               = 1287651328                                {product} {ergonomic}
   size_t MinHeapDeltaBytes                        = 1048576                                   {product} {ergonomic}
   size_t MinHeapSize                              = 8388608                                   {product} {ergonomic}
    uintx NonNMethodCodeHeapSize                   = 5832780                                {pd product} {ergonomic}
    uintx NonProfiledCodeHeapSize                  = 122912730                              {pd product} {ergonomic}
    uintx ProfiledCodeHeapSize                     = 122912730                              {pd product} {ergonomic}
    uintx ReservedCodeCacheSize                    = 251658240                              {pd product} {ergonomic}
     bool SegmentedCodeCache                       = true                                      {product} {ergonomic}
   size_t SoftMaxHeapSize                          = 2147483648                             {manageable} {ergonomic}
     bool UseCompressedClassPointers               = true                           {product lp64_product} {ergonomic}
     bool UseCompressedOops                        = true                           {product lp64_product} {ergonomic}
     bool UseG1GC                                  = true                                      {product} {ergonomic}
     bool UseLargePagesIndividualAllocation        = false                                  {pd product} {ergonomic}

Logging:
Log output configuration:
 #0: stdout all=warning uptime,level,tags
 #1: stderr all=off uptime,level,tags

Environment Variables:
PATH=C:\Program Files\ImageMagick-7.1.0-Q16-HDRI;C:\Program Files (x86)\NVIDIA Corporation\PhysX\Common;C:\WATCOM\BINNT;C:\WATCOM\BINW;C:\Program Files (x86)\Common Files\Oracle\Java\javapath;C:\WINDOWS\system32;C:\WINDOWS;C:\WINDOWS\System32\Wbem;C:\WINDOWS\System32\WindowsPowerShell\v1.0\;C:\Program Files\Git\cmd;C:\Program Files\dotnet\;C:\WINDOWS\System32\OpenSSH\;C:\Program Files\Microsoft SQL Server\150\Tools\Binn\;C:\Program Files\Microsoft SQL Server\Client SDK\ODBC\170\Tools\Binn\;C:\Users\Anna\Documents\Android\platform-tools;C:\Program Files\nodejs\;C:\Users\Anna\AppData\Local\Programs\Python\Python310\Scripts\;C:\Users\Anna\AppData\Local\Programs\Python\Python310\;C:\Users\Anna\AppData\Local\Programs\Python\Python311\Scripts\;C:\Users\Anna\AppData\Local\Programs\Python\Python311\;C:\Program Files (x86)\Python\Scripts\;C:\Program Files (x86)\Python\;C:\Program Files\JetBrains\CLion 2020.3\bin;;E:\Users\Anna\AppData\Local\Programs\Microsoft VS Code\bin;C:\Users\Anna\.dotnet\tools;C:\Users\Anna\AppData\Local\Microsoft\WindowsApps;C:\Users\Anna\AppData\Local\Programs\MiKTeX\miktex\bin\x64\;H:\Program Files\JetBrains\IntelliJ IDEA 2022.3.3\bin;;C:\Users\Anna\AppData\Roaming\npm
USERNAME=Anna
OS=Windows_NT
PROCESSOR_IDENTIFIER=Intel64 Family 6 Model 158 Stepping 10, GenuineIntel
TMP=C:\Users\Anna\AppData\Local\Temp
TEMP=C:\Users\Anna\AppData\Local\Temp



---------------  S Y S T E M  ---------------

OS:
 Windows 10 , 64 bit Build 19041 (10.0.19041.2788)
OS uptime: 6 days 8:55 hours

CPU: total 6 (initial active 6) (6 cores per cpu, 1 threads per core) family 6 model 158 stepping 10 microcode 0xb4, cx8, cmov, fxsr, mmx, 3dnowpref, sse, sse2, sse3, ssse3, sse4.1, sse4.2, popcnt, lzcnt, tsc, tscinvbit, avx, avx2, aes, erms, clmul, bmi1, bmi2, adx, fma, vzeroupper, clflush, clflushopt

Memory: 4k page, system-wide physical 16295M (1031M free)
TotalPageFile size 44782M (AvailPageFile size 187M)
current process WorkingSet (physical memory assigned to process): 114M, peak: 158M
current process commit charge ("private bytes"): 198M, peak: 392M

vm_info: OpenJDK 64-Bit Server VM (17.0.6+0-b2043.56-9586694) for windows-amd64 JRE (17.0.6+0-b2043.56-9586694), built on Feb  9 2023 20:06:20 by "androidbuild" with MS VC++ 16.10 / 16.11 (VS2019)

END.
