#
# There is insufficient memory for the Java Runtime Environment to continue.
# Native memory allocation (mmap) failed to map 311427072 bytes for G1 virtual space
# Possible reasons:
#   The system is out of physical RAM or swap space
#   The process is running with CompressedOops enabled, and the Java Heap may be blocking the growth of the native heap
# Possible solutions:
#   Reduce memory load on the system
#   Increase physical memory or swap space
#   Check if swap backing store is full
#   Decrease Java heap size (-Xmx/-Xms)
#   Decrease number of Java threads
#   Decrease Java thread stack sizes (-Xss)
#   Set larger code cache with -XX:ReservedCodeCacheSize=
#   JVM is running with Unscaled Compressed Oops mode in which the Java heap is
#     placed in the first 4GB address space. The Java Heap base address is the
#     maximum limit for the native heap growth. Please use -XX:HeapBaseMinAddress
#     to set the Java Heap base and to place the Java Heap above 4GB virtual address.
# This output file may be truncated or incomplete.
#
#  Out of Memory Error (os_windows.cpp:3769), pid=22412, tid=13800
#
# JRE version: OpenJDK Runtime Environment (17.0.6) (build 17.0.6+0-b2043.56-9586694)
# Java VM: OpenJDK 64-Bit Server VM (17.0.6+0-b2043.56-9586694, mixed mode, tiered, compressed oops, compressed class ptrs, g1 gc, windows-amd64)
# No core dump will be written. Minidumps are not enabled by default on client versions of Windows
#

---------------  S U M M A R Y ------------

Command Line: --add-opens=java.base/java.util=ALL-UNNAMED --add-opens=java.base/java.lang=ALL-UNNAMED --add-opens=java.base/java.lang.invoke=ALL-UNNAMED --add-opens=java.prefs/java.util.prefs=ALL-UNNAMED --add-opens=java.base/java.nio.charset=ALL-UNNAMED --add-opens=java.base/java.net=ALL-UNNAMED --add-opens=java.base/java.util.concurrent.atomic=ALL-UNNAMED -Xmx2048m -Dfile.encoding=UTF-8 -Duser.country=RU -Duser.language=ru -Duser.variant org.gradle.launcher.daemon.bootstrap.GradleDaemon 8.0

Host: Intel(R) Core(TM) i5-9400F CPU @ 2.90GHz, 6 cores, 15G,  Windows 10 , 64 bit Build 19041 (10.0.19041.2788)
Time: Wed Apr 26 21:49:07 2023 RTZ 2 (s 10 , 64 bit Build 19041 (10.0.19041.2788) elapsed time: 1040.426610 seconds (0d 0h 17m 20s)

---------------  T H R E A D  ---------------

Current thread (0x000001ae2678a390):  VMThread "VM Thread" [stack: 0x0000001232600000,0x0000001232700000] [id=13800]

Stack: [0x0000001232600000,0x0000001232700000]
Native frames: (J=compiled Java code, j=interpreted, Vv=VM code, C=native code)
V  [jvm.dll+0x683b4a]
V  [jvm.dll+0x842654]
V  [jvm.dll+0x843dfe]
V  [jvm.dll+0x844463]
V  [jvm.dll+0x249b75]
V  [jvm.dll+0x680a19]
V  [jvm.dll+0x674f0a]
V  [jvm.dll+0x309acb]
V  [jvm.dll+0x310f86]
V  [jvm.dll+0x3608ee]
V  [jvm.dll+0x360b1f]
V  [jvm.dll+0x2dfbf8]
V  [jvm.dll+0x2ddec4]
V  [jvm.dll+0x2dd4cc]
V  [jvm.dll+0x321f3b]
V  [jvm.dll+0x84893b]
V  [jvm.dll+0x849674]
V  [jvm.dll+0x849b8d]
V  [jvm.dll+0x849f64]
V  [jvm.dll+0x84a030]
V  [jvm.dll+0x7f25fa]
V  [jvm.dll+0x682985]
C  [ucrtbase.dll+0x21bb2]
C  [KERNEL32.DLL+0x17604]
C  [ntdll.dll+0x526a1]

VM_Operation (0x0000001239df7550): G1CollectForAllocation, mode: safepoint, requested by thread 0x000001ae2a68fc50


---------------  P R O C E S S  ---------------

Threads class SMR info:
_java_thread_list=0x000001ae2d0b02d0, length=121, elements={
0x000001ae0cd89930, 0x000001ae2703fa20, 0x000001ae27040890, 0x000001ae2706b000,
0x000001ae2706cad0, 0x000001ae2706d680, 0x000001ae27070040, 0x000001ae27072de0,
0x000001ae270854f0, 0x000001ae270e55c0, 0x000001ae271e48e0, 0x000001ae271e59c0,
0x000001ae2795d450, 0x000001ae2795bc40, 0x000001ae2795c5e0, 0x000001ae2795add0,
0x000001ae2795c110, 0x000001ae2801cbd0, 0x000001ae2801aa20, 0x000001ae280196e0,
0x000001ae2801aef0, 0x000001ae2801a080, 0x000001ae28018d40, 0x000001ae2801bd60,
0x000001ae2801d570, 0x000001ae28019bb0, 0x000001ae280200c0, 0x000001ae2801b890,
0x000001ae298f1280, 0x000001ae298f1750, 0x000001ae28bcf710, 0x000001ae28bce8a0,
0x000001ae28bd0a50, 0x000001ae28bcda30, 0x000001ae28bd0580, 0x000001ae28bd18c0,
0x000001ae28bca540, 0x000001ae28bcd090, 0x000001ae28bcfbe0, 0x000001ae28bccbc0,
0x000001ae28bd13f0, 0x000001ae28bd0f20, 0x000001ae28bce3d0, 0x000001ae28bcc220,
0x000001ae28bcd560, 0x000001ae28bcaa10, 0x000001ae28bcc6f0, 0x000001ae28bcaee0,
0x000001ae28bcb3b0, 0x000001ae28bcb880, 0x000001ae28bcdf00, 0x000001ae28bced70,
0x000001ae28bcf240, 0x000001ae2c2b9ba0, 0x000001ae2c2bda30, 0x000001ae2c2bb880,
0x000001ae2c2bdf00, 0x000001ae2c2ba540, 0x000001ae2c2b96d0, 0x000001ae2c2be8a0,
0x000001ae2c2ba070, 0x000001ae2c2baa10, 0x000001ae2c2bbd50, 0x000001ae2c2bed70,
0x000001ae2c2bf240, 0x000001ae2c2bc6f0, 0x000001ae2c2b9200, 0x000001ae2c2b8d30,
0x000001ae2c2be3d0, 0x000001ae2c2baee0, 0x000001ae2c2bfbe0, 0x000001ae2c2bb3b0,
0x000001ae2c2bc220, 0x000001ae2c2bcbc0, 0x000001ae2c2b8390, 0x000001ae2c2b8860,
0x000001ae2c2bd090, 0x000001ae2c2bd560, 0x000001ae298efa70, 0x000001ae298ee260,
0x000001ae298f1c20, 0x000001ae298eff40, 0x000001ae298ef0d0, 0x000001ae298f0410,
0x000001ae298eec00, 0x000001ae298ef5a0, 0x000001ae298ee730, 0x000001ae2795cab0,
0x000001ae2795e2c0, 0x000001ae2795e790, 0x000001ae2795cf80, 0x000001ae2795d920,
0x000001ae2795b2a0, 0x000001ae2795ddf0, 0x000001ae2801a550, 0x000001ae2801df10,
0x000001ae2801f720, 0x000001ae2801b3c0, 0x000001ae2801c700, 0x000001ae28018870,
0x000001ae2a6927a0, 0x000001ae2a6922d0, 0x000001ae2a693610, 0x000001ae2a691930,
0x000001ae2a6905f0, 0x000001ae2a68f2b0, 0x000001ae2a68bdc0, 0x000001ae2a68d100,
0x000001ae2a690120, 0x000001ae2a68d5d0, 0x000001ae2a690ac0, 0x000001ae2a68fc50,
0x000001ae2a690f90, 0x000001ae2a68e910, 0x000001ae2a692c70, 0x000001ae2a68df70,
0x000001ae32225330, 0x000001ae32227e80, 0x000001ae322261a0, 0x000001ae32228350,
0x000001ae2d6efec0
}

Java Threads: ( => current thread )
  0x000001ae0cd89930 JavaThread "main" [_thread_blocked, id=17536, stack(0x0000001231f00000,0x0000001232000000)]
  0x000001ae2703fa20 JavaThread "Reference Handler" daemon [_thread_blocked, id=18252, stack(0x0000001232700000,0x0000001232800000)]
  0x000001ae27040890 JavaThread "Finalizer" daemon [_thread_blocked, id=22336, stack(0x0000001232800000,0x0000001232900000)]
  0x000001ae2706b000 JavaThread "Signal Dispatcher" daemon [_thread_blocked, id=15644, stack(0x0000001232900000,0x0000001232a00000)]
  0x000001ae2706cad0 JavaThread "Attach Listener" daemon [_thread_blocked, id=12916, stack(0x0000001232a00000,0x0000001232b00000)]
  0x000001ae2706d680 JavaThread "Service Thread" daemon [_thread_blocked, id=15768, stack(0x0000001232b00000,0x0000001232c00000)]
  0x000001ae27070040 JavaThread "Monitor Deflation Thread" daemon [_thread_blocked, id=18696, stack(0x0000001232c00000,0x0000001232d00000)]
  0x000001ae27072de0 JavaThread "C2 CompilerThread0" daemon [_thread_in_native, id=11712, stack(0x0000001232d00000,0x0000001232e00000)]
  0x000001ae270854f0 JavaThread "C1 CompilerThread0" daemon [_thread_blocked, id=20592, stack(0x0000001232e00000,0x0000001232f00000)]
  0x000001ae270e55c0 JavaThread "Sweeper thread" daemon [_thread_blocked, id=14828, stack(0x0000001232f00000,0x0000001233000000)]
  0x000001ae271e48e0 JavaThread "Common-Cleaner" daemon [_thread_blocked, id=15380, stack(0x0000001233000000,0x0000001233100000)]
  0x000001ae271e59c0 JavaThread "Notification Thread" daemon [_thread_blocked, id=10232, stack(0x0000001233100000,0x0000001233200000)]
  0x000001ae2795d450 JavaThread "Daemon health stats" [_thread_blocked, id=19824, stack(0x0000001233900000,0x0000001233a00000)]
  0x000001ae2795bc40 JavaThread "Incoming local TCP Connector on port 50491" [_thread_in_native, id=14688, stack(0x0000001233800000,0x0000001233900000)]
  0x000001ae2795c5e0 JavaThread "Daemon periodic checks" [_thread_blocked, id=19792, stack(0x0000001233b00000,0x0000001233c00000)]
  0x000001ae2795add0 JavaThread "Cache worker for journal cache (C:\Users\Anna\.gradle\caches\journal-1)" [_thread_blocked, id=16848, stack(0x0000001234400000,0x0000001234500000)]
  0x000001ae2795c110 JavaThread "File lock request listener" [_thread_in_native, id=16720, stack(0x0000001234500000,0x0000001234600000)]
  0x000001ae2801cbd0 JavaThread "Cache worker for file hash cache (C:\Users\Anna\.gradle\caches\8.0\fileHashes)" [_thread_blocked, id=20620, stack(0x0000001234600000,0x0000001234700000)]
  0x000001ae2801aa20 JavaThread "File watcher server" daemon [_thread_blocked, id=19744, stack(0x0000001234700000,0x0000001234800000)]
  0x000001ae280196e0 JavaThread "File watcher consumer" daemon [_thread_blocked, id=12320, stack(0x0000001234800000,0x0000001234900000)]
  0x000001ae2801aef0 JavaThread "jar transforms" [_thread_blocked, id=19500, stack(0x0000001234900000,0x0000001234a00000)]
  0x000001ae2801a080 JavaThread "jar transforms Thread 2" [_thread_blocked, id=21136, stack(0x0000001234a00000,0x0000001234b00000)]
  0x000001ae28018d40 JavaThread "jar transforms Thread 3" [_thread_blocked, id=17468, stack(0x0000001234b00000,0x0000001234c00000)]
  0x000001ae2801bd60 JavaThread "jar transforms Thread 4" [_thread_blocked, id=16884, stack(0x0000001234c00000,0x0000001234d00000)]
  0x000001ae2801d570 JavaThread "jar transforms Thread 5" [_thread_blocked, id=4052, stack(0x0000001234d00000,0x0000001234e00000)]
  0x000001ae28019bb0 JavaThread "jar transforms Thread 6" [_thread_blocked, id=10560, stack(0x0000001234e00000,0x0000001234f00000)]
  0x000001ae280200c0 JavaThread "Cache worker for file content cache (C:\Users\Anna\.gradle\caches\8.0\fileContent)" [_thread_blocked, id=16472, stack(0x0000001235000000,0x0000001235100000)]
  0x000001ae2801b890 JavaThread "Cache worker for execution history cache (C:\Users\Anna\.gradle\caches\8.0\executionHistory)" [_thread_blocked, id=3480, stack(0x0000001235400000,0x0000001235500000)]
  0x000001ae298f1280 JavaThread "Memory manager" [_thread_blocked, id=17480, stack(0x0000001239200000,0x0000001239300000)]
  0x000001ae298f1750 JavaThread "pool-3-thread-1" [_thread_blocked, id=11336, stack(0x0000001239300000,0x0000001239400000)]
  0x000001ae28bcf710 JavaThread "Daemon Thread 2" [_thread_blocked, id=1768, stack(0x0000001231e00000,0x0000001231f00000)]
  0x000001ae28bce8a0 JavaThread "Handler for socket connection from /127.0.0.1:50491 to /127.0.0.1:53024" [_thread_in_native, id=1096, stack(0x0000001232300000,0x0000001232400000)]
  0x000001ae28bd0a50 JavaThread "Cancel handler" [_thread_blocked, id=10264, stack(0x0000001233c00000,0x0000001233d00000)]
  0x000001ae28bcda30 JavaThread "Daemon worker Thread 2" [_thread_blocked, id=18340, stack(0x0000001233e00000,0x0000001233f00000)]
  0x000001ae28bd0580 JavaThread "Asynchronous log dispatcher for DefaultDaemonConnection: socket connection from /127.0.0.1:50491 to /127.0.0.1:53024" [_thread_blocked, id=16468, stack(0x0000001233f00000,0x0000001234000000)]
  0x000001ae28bd18c0 JavaThread "Stdin handler" [_thread_blocked, id=18984, stack(0x0000001234000000,0x0000001234100000)]
  0x000001ae28bca540 JavaThread "Daemon client event forwarder" [_thread_blocked, id=16508, stack(0x0000001234100000,0x0000001234200000)]
  0x000001ae28bcd090 JavaThread "Cache worker for checksums cache (C:\Users\Anna\AndroidStudioProjects\MagKursach\.gradle\8.0\checksums)" [_thread_blocked, id=1300, stack(0x0000001234200000,0x0000001234300000)]
  0x000001ae28bcfbe0 JavaThread "Cache worker for cache directory md-rule (C:\Users\Anna\.gradle\caches\8.0\md-rule)" [_thread_blocked, id=19356, stack(0x0000001234f00000,0x0000001235000000)]
  0x000001ae28bccbc0 JavaThread "Cache worker for file hash cache (C:\Users\Anna\AndroidStudioProjects\MagKursach\.gradle\8.0\fileHashes)" [_thread_blocked, id=10424, stack(0x0000001235100000,0x0000001235200000)]
  0x000001ae28bd13f0 JavaThread "Cache worker for cache directory md-supplier (C:\Users\Anna\.gradle\caches\8.0\md-supplier)" [_thread_blocked, id=10380, stack(0x0000001235200000,0x0000001235300000)]
  0x000001ae28bd0f20 JavaThread "Cache worker for dependencies-accessors (C:\Users\Anna\AndroidStudioProjects\MagKursach\.gradle\8.0\dependencies-accessors)" [_thread_blocked, id=12660, stack(0x0000001235500000,0x0000001235600000)]
  0x000001ae28bce3d0 JavaThread "Cache worker for Build Output Cleanup Cache (C:\Users\Anna\AndroidStudioProjects\MagKursach\.gradle\buildOutputCleanup)" [_thread_blocked, id=18360, stack(0x0000001235600000,0x0000001235700000)]
  0x000001ae28bcc220 JavaThread "Unconstrained build operations" [_thread_blocked, id=12736, stack(0x0000001235700000,0x0000001235800000)]
  0x000001ae28bcd560 JavaThread "Unconstrained build operations Thread 2" [_thread_blocked, id=19296, stack(0x0000001235800000,0x0000001235900000)]
  0x000001ae28bcaa10 JavaThread "Unconstrained build operations Thread 3" [_thread_blocked, id=11620, stack(0x0000001235900000,0x0000001235a00000)]
  0x000001ae28bcc6f0 JavaThread "Unconstrained build operations Thread 4" [_thread_blocked, id=18068, stack(0x0000001235a00000,0x0000001235b00000)]
  0x000001ae28bcaee0 JavaThread "Unconstrained build operations Thread 5" [_thread_blocked, id=22036, stack(0x0000001235b00000,0x0000001235c00000)]
  0x000001ae28bcb3b0 JavaThread "Unconstrained build operations Thread 6" [_thread_blocked, id=14100, stack(0x0000001235c00000,0x0000001235d00000)]
  0x000001ae28bcb880 JavaThread "Unconstrained build operations Thread 7" [_thread_blocked, id=5116, stack(0x0000001235d00000,0x0000001235e00000)]
  0x000001ae28bcdf00 JavaThread "Unconstrained build operations Thread 8" [_thread_blocked, id=7312, stack(0x0000001235e00000,0x0000001235f00000)]
  0x000001ae28bced70 JavaThread "Unconstrained build operations Thread 9" [_thread_blocked, id=18228, stack(0x0000001235f00000,0x0000001236000000)]
  0x000001ae28bcf240 JavaThread "Unconstrained build operations Thread 10" [_thread_blocked, id=21040, stack(0x0000001236000000,0x0000001236100000)]
  0x000001ae2c2b9ba0 JavaThread "Unconstrained build operations Thread 11" [_thread_blocked, id=12636, stack(0x0000001236100000,0x0000001236200000)]
  0x000001ae2c2bda30 JavaThread "Unconstrained build operations Thread 12" [_thread_blocked, id=11560, stack(0x0000001236200000,0x0000001236300000)]
  0x000001ae2c2bb880 JavaThread "Unconstrained build operations Thread 13" [_thread_blocked, id=1764, stack(0x0000001236300000,0x0000001236400000)]
  0x000001ae2c2bdf00 JavaThread "Unconstrained build operations Thread 14" [_thread_blocked, id=11880, stack(0x0000001236400000,0x0000001236500000)]
  0x000001ae2c2ba540 JavaThread "Unconstrained build operations Thread 15" [_thread_blocked, id=11012, stack(0x0000001236500000,0x0000001236600000)]
  0x000001ae2c2b96d0 JavaThread "Unconstrained build operations Thread 16" [_thread_blocked, id=12552, stack(0x0000001236600000,0x0000001236700000)]
  0x000001ae2c2be8a0 JavaThread "Unconstrained build operations Thread 17" [_thread_blocked, id=3736, stack(0x0000001236700000,0x0000001236800000)]
  0x000001ae2c2ba070 JavaThread "Unconstrained build operations Thread 18" [_thread_blocked, id=1612, stack(0x0000001236800000,0x0000001236900000)]
  0x000001ae2c2baa10 JavaThread "Unconstrained build operations Thread 19" [_thread_blocked, id=8360, stack(0x0000001236900000,0x0000001236a00000)]
  0x000001ae2c2bbd50 JavaThread "Unconstrained build operations Thread 20" [_thread_blocked, id=21628, stack(0x0000001236a00000,0x0000001236b00000)]
  0x000001ae2c2bed70 JavaThread "Unconstrained build operations Thread 21" [_thread_blocked, id=6036, stack(0x0000001236b00000,0x0000001236c00000)]
  0x000001ae2c2bf240 JavaThread "Unconstrained build operations Thread 22" [_thread_blocked, id=19788, stack(0x0000001236c00000,0x0000001236d00000)]
  0x000001ae2c2bc6f0 JavaThread "Unconstrained build operations Thread 23" [_thread_blocked, id=22168, stack(0x0000001236d00000,0x0000001236e00000)]
  0x000001ae2c2b9200 JavaThread "Unconstrained build operations Thread 24" [_thread_blocked, id=12212, stack(0x0000001236e00000,0x0000001236f00000)]
  0x000001ae2c2b8d30 JavaThread "Unconstrained build operations Thread 25" [_thread_blocked, id=20560, stack(0x0000001236f00000,0x0000001237000000)]
  0x000001ae2c2be3d0 JavaThread "Unconstrained build operations Thread 26" [_thread_blocked, id=14676, stack(0x0000001237000000,0x0000001237100000)]
  0x000001ae2c2baee0 JavaThread "Unconstrained build operations Thread 27" [_thread_blocked, id=17464, stack(0x0000001237100000,0x0000001237200000)]
  0x000001ae2c2bfbe0 JavaThread "Unconstrained build operations Thread 28" [_thread_blocked, id=17848, stack(0x0000001237200000,0x0000001237300000)]
  0x000001ae2c2bb3b0 JavaThread "Unconstrained build operations Thread 29" [_thread_blocked, id=13988, stack(0x0000001237300000,0x0000001237400000)]
  0x000001ae2c2bc220 JavaThread "Unconstrained build operations Thread 30" [_thread_blocked, id=16800, stack(0x0000001237400000,0x0000001237500000)]
  0x000001ae2c2bcbc0 JavaThread "Unconstrained build operations Thread 31" [_thread_blocked, id=18084, stack(0x0000001237500000,0x0000001237600000)]
  0x000001ae2c2b8390 JavaThread "Unconstrained build operations Thread 32" [_thread_blocked, id=11080, stack(0x0000001237600000,0x0000001237700000)]
  0x000001ae2c2b8860 JavaThread "Unconstrained build operations Thread 33" [_thread_blocked, id=17472, stack(0x0000001237700000,0x0000001237800000)]
  0x000001ae2c2bd090 JavaThread "Unconstrained build operations Thread 34" [_thread_blocked, id=17604, stack(0x0000001237800000,0x0000001237900000)]
  0x000001ae2c2bd560 JavaThread "Unconstrained build operations Thread 35" [_thread_blocked, id=1280, stack(0x0000001237900000,0x0000001237a00000)]
  0x000001ae298efa70 JavaThread "Unconstrained build operations Thread 36" [_thread_blocked, id=19576, stack(0x0000001237a00000,0x0000001237b00000)]
  0x000001ae298ee260 JavaThread "Unconstrained build operations Thread 37" [_thread_blocked, id=16760, stack(0x0000001237b00000,0x0000001237c00000)]
  0x000001ae298f1c20 JavaThread "Unconstrained build operations Thread 38" [_thread_blocked, id=18012, stack(0x0000001237c00000,0x0000001237d00000)]
  0x000001ae298eff40 JavaThread "Unconstrained build operations Thread 39" [_thread_blocked, id=19196, stack(0x0000001237d00000,0x0000001237e00000)]
  0x000001ae298ef0d0 JavaThread "Unconstrained build operations Thread 40" [_thread_blocked, id=10824, stack(0x0000001237e00000,0x0000001237f00000)]
  0x000001ae298f0410 JavaThread "Unconstrained build operations Thread 41" [_thread_blocked, id=11532, stack(0x0000001237f00000,0x0000001238000000)]
  0x000001ae298eec00 JavaThread "Unconstrained build operations Thread 42" [_thread_blocked, id=12560, stack(0x0000001238000000,0x0000001238100000)]
  0x000001ae298ef5a0 JavaThread "Unconstrained build operations Thread 43" [_thread_blocked, id=20260, stack(0x0000001238100000,0x0000001238200000)]
  0x000001ae298ee730 JavaThread "Unconstrained build operations Thread 44" [_thread_blocked, id=6584, stack(0x0000001238200000,0x0000001238300000)]
  0x000001ae2795cab0 JavaThread "Unconstrained build operations Thread 45" [_thread_blocked, id=12156, stack(0x0000001238300000,0x0000001238400000)]
  0x000001ae2795e2c0 JavaThread "Unconstrained build operations Thread 46" [_thread_blocked, id=10328, stack(0x0000001238400000,0x0000001238500000)]
  0x000001ae2795e790 JavaThread "Unconstrained build operations Thread 47" [_thread_blocked, id=9152, stack(0x0000001238500000,0x0000001238600000)]
  0x000001ae2795cf80 JavaThread "Unconstrained build operations Thread 48" [_thread_blocked, id=10520, stack(0x0000001238600000,0x0000001238700000)]
  0x000001ae2795d920 JavaThread "Unconstrained build operations Thread 49" [_thread_blocked, id=15136, stack(0x0000001238700000,0x0000001238800000)]
  0x000001ae2795b2a0 JavaThread "Unconstrained build operations Thread 50" [_thread_blocked, id=17600, stack(0x0000001238800000,0x0000001238900000)]
  0x000001ae2795ddf0 JavaThread "Unconstrained build operations Thread 51" [_thread_blocked, id=5300, stack(0x0000001238900000,0x0000001238a00000)]
  0x000001ae2801a550 JavaThread "Unconstrained build operations Thread 52" [_thread_blocked, id=10880, stack(0x0000001238a00000,0x0000001238b00000)]
  0x000001ae2801df10 JavaThread "Unconstrained build operations Thread 53" [_thread_blocked, id=13068, stack(0x0000001238b00000,0x0000001238c00000)]
  0x000001ae2801f720 JavaThread "Unconstrained build operations Thread 54" [_thread_blocked, id=14612, stack(0x0000001238c00000,0x0000001238d00000)]
  0x000001ae2801b3c0 JavaThread "Unconstrained build operations Thread 55" [_thread_blocked, id=5760, stack(0x0000001238d00000,0x0000001238e00000)]
  0x000001ae2801c700 JavaThread "Unconstrained build operations Thread 56" [_thread_blocked, id=16028, stack(0x0000001238e00000,0x0000001238f00000)]
  0x000001ae28018870 JavaThread "Unconstrained build operations Thread 57" [_thread_blocked, id=5552, stack(0x0000001238f00000,0x0000001239000000)]
  0x000001ae2a6927a0 JavaThread "Unconstrained build operations Thread 58" [_thread_blocked, id=13692, stack(0x0000001239000000,0x0000001239100000)]
  0x000001ae2a6922d0 JavaThread "Unconstrained build operations Thread 59" [_thread_blocked, id=12248, stack(0x0000001239100000,0x0000001239200000)]
  0x000001ae2a693610 JavaThread "Unconstrained build operations Thread 60" [_thread_blocked, id=15204, stack(0x0000001239400000,0x0000001239500000)]
  0x000001ae2a691930 JavaThread "build event listener" [_thread_blocked, id=17944, stack(0x0000001239500000,0x0000001239600000)]
  0x000001ae2a6905f0 JavaThread "pool-6-thread-1" [_thread_blocked, id=20776, stack(0x0000001239600000,0x0000001239700000)]
  0x000001ae2a68f2b0 JavaThread "build event listener" [_thread_blocked, id=14124, stack(0x0000001239700000,0x0000001239800000)]
  0x000001ae2a68bdc0 JavaThread "included builds" [_thread_blocked, id=13804, stack(0x0000001239800000,0x0000001239900000)]
  0x000001ae2a68d100 JavaThread "Execution worker" [_thread_blocked, id=14480, stack(0x0000001239900000,0x0000001239a00000)]
  0x000001ae2a690120 JavaThread "Execution worker Thread 2" [_thread_blocked, id=22496, stack(0x0000001239a00000,0x0000001239b00000)]
  0x000001ae2a68d5d0 JavaThread "Execution worker Thread 3" [_thread_blocked, id=836, stack(0x0000001239b00000,0x0000001239c00000)]
  0x000001ae2a690ac0 JavaThread "Execution worker Thread 4" [_thread_blocked, id=18364, stack(0x0000001239c00000,0x0000001239d00000)]
  0x000001ae2a68fc50 JavaThread "Execution worker Thread 5" [_thread_blocked, id=11996, stack(0x0000001239d00000,0x0000001239e00000)]
  0x000001ae2a690f90 JavaThread "Cache worker for execution history cache (C:\Users\Anna\AndroidStudioProjects\MagKursach\.gradle\8.0\executionHistory)" [_thread_blocked, id=19476, stack(0x0000001239e00000,0x0000001239f00000)]
  0x000001ae2a68e910 JavaThread "WorkerExecutor Queue" [_thread_blocked, id=13572, stack(0x0000001235300000,0x0000001235400000)]
  0x000001ae2a692c70 JavaThread "WorkerExecutor Queue Thread 2" [_thread_blocked, id=22304, stack(0x0000001239f00000,0x000000123a000000)]
  0x000001ae2a68df70 JavaThread "WorkerExecutor Queue Thread 3" [_thread_blocked, id=17016, stack(0x000000123a200000,0x000000123a300000)]
  0x000001ae32225330 JavaThread "pool-7-thread-1" [_thread_blocked, id=19400, stack(0x000000123a300000,0x000000123a400000)]
  0x000001ae32227e80 JavaThread "stderr" [_thread_in_native, id=22156, stack(0x000000123a400000,0x000000123a500000)]
  0x000001ae322261a0 JavaThread "stdout" [_thread_in_native, id=4396, stack(0x000000123a500000,0x000000123a600000)]
  0x000001ae32228350 JavaThread "Cache worker for Java compile cache (C:\Users\Anna\.gradle\caches\8.0\javaCompile)" [_thread_blocked, id=3140, stack(0x000000123a100000,0x000000123a200000)]
  0x000001ae2d6efec0 JavaThread "C2 CompilerThread1" daemon [_thread_blocked, id=11160, stack(0x000000123a600000,0x000000123a700000)]

Other Threads:
=>0x000001ae2678a390 VMThread "VM Thread" [stack: 0x0000001232600000,0x0000001232700000] [id=13800]
  0x000001ae271e9260 WatcherThread [stack: 0x0000001233200000,0x0000001233300000] [id=12008]
  0x000001ae0cde6700 GCTaskThread "GC Thread#0" [stack: 0x0000001232000000,0x0000001232100000] [id=5612]
  0x000001ae27810fe0 GCTaskThread "GC Thread#1" [stack: 0x0000001233300000,0x0000001233400000] [id=6516]
  0x000001ae2795f5a0 GCTaskThread "GC Thread#2" [stack: 0x0000001233400000,0x0000001233500000] [id=6940]
  0x000001ae2795f850 GCTaskThread "GC Thread#3" [stack: 0x0000001233500000,0x0000001233600000] [id=6260]
  0x000001ae27c18060 GCTaskThread "GC Thread#4" [stack: 0x0000001233600000,0x0000001233700000] [id=19708]
  0x000001ae277f2ff0 GCTaskThread "GC Thread#5" [stack: 0x0000001233700000,0x0000001233800000] [id=10180]
  0x000001ae0cdf7640 ConcurrentGCThread "G1 Main Marker" [stack: 0x0000001232100000,0x0000001232200000] [id=7700]
  0x000001ae0cdf8050 ConcurrentGCThread "G1 Conc#0" [stack: 0x0000001232200000,0x0000001232300000] [id=20424]
  0x000001ae29897db0 ConcurrentGCThread "G1 Conc#1" [stack: 0x0000001234300000,0x0000001234400000] [id=4716]
  0x000001ae0ce5e320 ConcurrentGCThread "G1 Refine#0" [stack: 0x0000001232400000,0x0000001232500000] [id=8816]
  0x000001ae3100c2d0 ConcurrentGCThread "G1 Refine#1" [stack: 0x000000123a700000,0x000000123a800000] [id=20440]
  0x000001ae3100c5b0 ConcurrentGCThread "G1 Refine#2" [stack: 0x000000123a800000,0x000000123a900000] [id=504]
  0x000001ae3100c890 ConcurrentGCThread "G1 Refine#3" [stack: 0x000000123a900000,0x000000123aa00000] [id=22176]
  0x000001ae2663e140 ConcurrentGCThread "G1 Service" [stack: 0x0000001232500000,0x0000001232600000] [id=16128]

Threads with active compile tasks:
C2 CompilerThread0  1040470 16840       4       android.databinding.tool.reflection.SdkUtil$ApiChecker::buildFullLookup (252 bytes)
C2 CompilerThread1  1040470 16850       4       com.google.common.collect.ImmutableMultimap$Builder::put (50 bytes)

VM state: at safepoint (normal execution)

VM Mutex/Monitor currently owned by a thread:  ([mutex/lock_event])
[0x000001ae0cd84ad0] Threads_lock - owner thread: 0x000001ae2678a390
[0x000001ae0cd85f10] Heap_lock - owner thread: 0x000001ae2a68fc50

Heap address: 0x0000000080000000, size: 2048 MB, Compressed Oops mode: 32-bit

CDS archive(s) not mapped
Compressed class space mapped at: 0x0000000100000000-0x0000000140000000, reserved size: 1073741824
Narrow klass base: 0x0000000000000000, Narrow klass shift: 3, Narrow klass range: 0x140000000

GC Precious Log:
 CPUs: 6 total, 6 available
 Memory: 16295M
 Large Page Support: Disabled
 NUMA Support: Disabled
 Compressed Oops: Enabled (32-bit)
 Heap Region Size: 1M
 Heap Min Capacity: 8M
 Heap Initial Capacity: 256M
 Heap Max Capacity: 2G
 Pre-touch: Disabled
 Parallel Workers: 6
 Concurrent Workers: 2
 Concurrent Refinement Workers: 6
 Periodic GC: Disabled

Heap:
 garbage-first heap   total 304128K, used 238592K [0x0000000080000000, 0x0000000100000000)
  region size 1024K, 3 young (3072K), 3 survivors (3072K)
 Metaspace       used 124092K, committed 124928K, reserved 1163264K
  class space    used 16056K, committed 16448K, reserved 1048576K

Heap Regions: E=young(eden), S=young(survivor), O=old, HS=humongous(starts), HC=humongous(continues), CS=collection set, F=free, OA=open archive, CA=closed archive, TAMS=top-at-mark-start (previous, next)
|   0|0x0000000080000000, 0x0000000080100000, 0x0000000080100000|100%|HS|  |TAMS 0x0000000080100000, 0x0000000080100000| Complete 
|   1|0x0000000080100000, 0x0000000080200000, 0x0000000080200000|100%|HC|  |TAMS 0x0000000080200000, 0x0000000080200000| Complete 
|   2|0x0000000080200000, 0x0000000080300000, 0x0000000080300000|100%|HC|  |TAMS 0x0000000080300000, 0x0000000080300000| Complete 
|   3|0x0000000080300000, 0x0000000080400000, 0x0000000080400000|100%|HC|  |TAMS 0x0000000080400000, 0x0000000080400000| Complete 
|   4|0x0000000080400000, 0x0000000080500000, 0x0000000080500000|100%| O|  |TAMS 0x0000000080500000, 0x0000000080500000| Untracked 
|   5|0x0000000080500000, 0x0000000080600000, 0x0000000080600000|100%| O|  |TAMS 0x0000000080600000, 0x0000000080600000| Untracked 
|   6|0x0000000080600000, 0x0000000080700000, 0x0000000080700000|100%| O|  |TAMS 0x0000000080700000, 0x0000000080700000| Untracked 
|   7|0x0000000080700000, 0x0000000080800000, 0x0000000080800000|100%| O|  |TAMS 0x0000000080800000, 0x0000000080800000| Untracked 
|   8|0x0000000080800000, 0x0000000080900000, 0x0000000080900000|100%| O|  |TAMS 0x0000000080900000, 0x0000000080900000| Untracked 
|   9|0x0000000080900000, 0x0000000080a00000, 0x0000000080a00000|100%| O|  |TAMS 0x0000000080a00000, 0x0000000080a00000| Untracked 
|  10|0x0000000080a00000, 0x0000000080b00000, 0x0000000080b00000|100%| O|  |TAMS 0x0000000080b00000, 0x0000000080b00000| Untracked 
|  11|0x0000000080b00000, 0x0000000080c00000, 0x0000000080c00000|100%| O|  |TAMS 0x0000000080c00000, 0x0000000080c00000| Untracked 
|  12|0x0000000080c00000, 0x0000000080d00000, 0x0000000080d00000|100%| O|  |TAMS 0x0000000080d00000, 0x0000000080d00000| Untracked 
|  13|0x0000000080d00000, 0x0000000080e00000, 0x0000000080e00000|100%| O|  |TAMS 0x0000000080e00000, 0x0000000080e00000| Untracked 
|  14|0x0000000080e00000, 0x0000000080f00000, 0x0000000080f00000|100%| O|  |TAMS 0x0000000080f00000, 0x0000000080f00000| Untracked 
|  15|0x0000000080f00000, 0x0000000081000000, 0x0000000081000000|100%| O|  |TAMS 0x0000000081000000, 0x0000000081000000| Untracked 
|  16|0x0000000081000000, 0x0000000081100000, 0x0000000081100000|100%| O|  |TAMS 0x0000000081100000, 0x0000000081100000| Untracked 
|  17|0x0000000081100000, 0x0000000081200000, 0x0000000081200000|100%| O|  |TAMS 0x0000000081200000, 0x0000000081200000| Untracked 
|  18|0x0000000081200000, 0x0000000081300000, 0x0000000081300000|100%| O|  |TAMS 0x0000000081300000, 0x0000000081300000| Untracked 
|  19|0x0000000081300000, 0x0000000081400000, 0x0000000081400000|100%| O|  |TAMS 0x0000000081400000, 0x0000000081400000| Untracked 
|  20|0x0000000081400000, 0x0000000081500000, 0x0000000081500000|100%| O|  |TAMS 0x0000000081500000, 0x0000000081500000| Untracked 
|  21|0x0000000081500000, 0x0000000081600000, 0x0000000081600000|100%|HS|  |TAMS 0x0000000081600000, 0x0000000081600000| Complete 
|  22|0x0000000081600000, 0x0000000081700000, 0x0000000081700000|100%|HC|  |TAMS 0x0000000081700000, 0x0000000081700000| Complete 
|  23|0x0000000081700000, 0x0000000081800000, 0x0000000081800000|100%|HS|  |TAMS 0x0000000081800000, 0x0000000081800000| Complete 
|  24|0x0000000081800000, 0x0000000081900000, 0x0000000081900000|100%|HC|  |TAMS 0x0000000081900000, 0x0000000081900000| Complete 
|  25|0x0000000081900000, 0x0000000081a00000, 0x0000000081a00000|100%|HC|  |TAMS 0x0000000081a00000, 0x0000000081a00000| Complete 
|  26|0x0000000081a00000, 0x0000000081b00000, 0x0000000081b00000|100%| O|  |TAMS 0x0000000081b00000, 0x0000000081b00000| Untracked 
|  27|0x0000000081b00000, 0x0000000081c00000, 0x0000000081c00000|100%| O|  |TAMS 0x0000000081c00000, 0x0000000081c00000| Untracked 
|  28|0x0000000081c00000, 0x0000000081d00000, 0x0000000081d00000|100%| O|  |TAMS 0x0000000081d00000, 0x0000000081d00000| Untracked 
|  29|0x0000000081d00000, 0x0000000081e00000, 0x0000000081e00000|100%| O|  |TAMS 0x0000000081e00000, 0x0000000081e00000| Untracked 
|  30|0x0000000081e00000, 0x0000000081f00000, 0x0000000081f00000|100%| O|  |TAMS 0x0000000081f00000, 0x0000000081f00000| Untracked 
|  31|0x0000000081f00000, 0x0000000082000000, 0x0000000082000000|100%| O|  |TAMS 0x0000000082000000, 0x0000000082000000| Untracked 
|  32|0x0000000082000000, 0x0000000082100000, 0x0000000082100000|100%| O|  |TAMS 0x0000000082100000, 0x0000000082100000| Untracked 
|  33|0x0000000082100000, 0x0000000082200000, 0x0000000082200000|100%| O|  |TAMS 0x0000000082200000, 0x0000000082200000| Untracked 
|  34|0x0000000082200000, 0x0000000082300000, 0x0000000082300000|100%| O|  |TAMS 0x0000000082300000, 0x0000000082300000| Untracked 
|  35|0x0000000082300000, 0x0000000082400000, 0x0000000082400000|100%|HS|  |TAMS 0x0000000082400000, 0x0000000082400000| Complete 
|  36|0x0000000082400000, 0x0000000082500000, 0x0000000082500000|100%|HC|  |TAMS 0x0000000082500000, 0x0000000082500000| Complete 
|  37|0x0000000082500000, 0x0000000082600000, 0x0000000082600000|100%| O|  |TAMS 0x0000000082600000, 0x0000000082600000| Untracked 
|  38|0x0000000082600000, 0x0000000082700000, 0x0000000082700000|100%| O|  |TAMS 0x0000000082700000, 0x0000000082700000| Untracked 
|  39|0x0000000082700000, 0x0000000082800000, 0x0000000082800000|100%| O|  |TAMS 0x0000000082800000, 0x0000000082800000| Untracked 
|  40|0x0000000082800000, 0x0000000082900000, 0x0000000082900000|100%| O|  |TAMS 0x0000000082900000, 0x0000000082900000| Untracked 
|  41|0x0000000082900000, 0x0000000082a00000, 0x0000000082a00000|100%|HS|  |TAMS 0x0000000082a00000, 0x0000000082a00000| Complete 
|  42|0x0000000082a00000, 0x0000000082b00000, 0x0000000082b00000|100%| O|  |TAMS 0x0000000082b00000, 0x0000000082b00000| Untracked 
|  43|0x0000000082b00000, 0x0000000082c00000, 0x0000000082c00000|100%| O|  |TAMS 0x0000000082c00000, 0x0000000082c00000| Untracked 
|  44|0x0000000082c00000, 0x0000000082d00000, 0x0000000082d00000|100%|HS|  |TAMS 0x0000000082d00000, 0x0000000082d00000| Complete 
|  45|0x0000000082d00000, 0x0000000082e00000, 0x0000000082e00000|100%| O|  |TAMS 0x0000000082e00000, 0x0000000082e00000| Untracked 
|  46|0x0000000082e00000, 0x0000000082f00000, 0x0000000082f00000|100%| O|  |TAMS 0x0000000082f00000, 0x0000000082f00000| Untracked 
|  47|0x0000000082f00000, 0x0000000083000000, 0x0000000083000000|100%| O|  |TAMS 0x0000000083000000, 0x0000000083000000| Untracked 
|  48|0x0000000083000000, 0x0000000083100000, 0x0000000083100000|100%| O|  |TAMS 0x0000000083100000, 0x0000000083100000| Untracked 
|  49|0x0000000083100000, 0x0000000083200000, 0x0000000083200000|100%| O|  |TAMS 0x0000000083200000, 0x0000000083200000| Untracked 
|  50|0x0000000083200000, 0x0000000083300000, 0x0000000083300000|100%| O|  |TAMS 0x0000000083300000, 0x0000000083300000| Untracked 
|  51|0x0000000083300000, 0x0000000083400000, 0x0000000083400000|100%| O|  |TAMS 0x0000000083400000, 0x0000000083400000| Untracked 
|  52|0x0000000083400000, 0x0000000083500000, 0x0000000083500000|100%| O|  |TAMS 0x0000000083500000, 0x0000000083500000| Untracked 
|  53|0x0000000083500000, 0x0000000083600000, 0x0000000083600000|100%| O|  |TAMS 0x0000000083600000, 0x0000000083600000| Untracked 
|  54|0x0000000083600000, 0x0000000083700000, 0x0000000083700000|100%| O|  |TAMS 0x0000000083700000, 0x0000000083700000| Untracked 
|  55|0x0000000083700000, 0x0000000083800000, 0x0000000083800000|100%| O|  |TAMS 0x0000000083800000, 0x0000000083800000| Untracked 
|  56|0x0000000083800000, 0x0000000083900000, 0x0000000083900000|100%| O|  |TAMS 0x0000000083900000, 0x0000000083900000| Untracked 
|  57|0x0000000083900000, 0x0000000083a00000, 0x0000000083a00000|100%| O|  |TAMS 0x0000000083a00000, 0x0000000083a00000| Untracked 
|  58|0x0000000083a00000, 0x0000000083b00000, 0x0000000083b00000|100%| O|  |TAMS 0x0000000083b00000, 0x0000000083b00000| Untracked 
|  59|0x0000000083b00000, 0x0000000083c00000, 0x0000000083c00000|100%| O|  |TAMS 0x0000000083c00000, 0x0000000083c00000| Untracked 
|  60|0x0000000083c00000, 0x0000000083d00000, 0x0000000083d00000|100%| O|  |TAMS 0x0000000083d00000, 0x0000000083d00000| Untracked 
|  61|0x0000000083d00000, 0x0000000083e00000, 0x0000000083e00000|100%| O|  |TAMS 0x0000000083e00000, 0x0000000083e00000| Untracked 
|  62|0x0000000083e00000, 0x0000000083f00000, 0x0000000083f00000|100%| O|  |TAMS 0x0000000083f00000, 0x0000000083f00000| Untracked 
|  63|0x0000000083f00000, 0x0000000084000000, 0x0000000084000000|100%| O|  |TAMS 0x0000000084000000, 0x0000000084000000| Untracked 
|  64|0x0000000084000000, 0x0000000084100000, 0x0000000084100000|100%| O|  |TAMS 0x0000000084100000, 0x0000000084100000| Untracked 
|  65|0x0000000084100000, 0x0000000084200000, 0x0000000084200000|100%| O|  |TAMS 0x0000000084200000, 0x0000000084200000| Untracked 
|  66|0x0000000084200000, 0x0000000084300000, 0x0000000084300000|100%| O|  |TAMS 0x0000000084300000, 0x0000000084300000| Untracked 
|  67|0x0000000084300000, 0x0000000084400000, 0x0000000084400000|100%| O|  |TAMS 0x0000000084400000, 0x0000000084400000| Untracked 
|  68|0x0000000084400000, 0x0000000084500000, 0x0000000084500000|100%| O|  |TAMS 0x0000000084500000, 0x0000000084500000| Untracked 
|  69|0x0000000084500000, 0x0000000084600000, 0x0000000084600000|100%| O|  |TAMS 0x0000000084600000, 0x0000000084600000| Untracked 
|  70|0x0000000084600000, 0x0000000084700000, 0x0000000084700000|100%| O|  |TAMS 0x0000000084700000, 0x0000000084700000| Untracked 
|  71|0x0000000084700000, 0x0000000084800000, 0x0000000084800000|100%| O|  |TAMS 0x0000000084800000, 0x0000000084800000| Untracked 
|  72|0x0000000084800000, 0x0000000084900000, 0x0000000084900000|100%| O|  |TAMS 0x0000000084900000, 0x0000000084900000| Untracked 
|  73|0x0000000084900000, 0x0000000084a00000, 0x0000000084a00000|100%| O|  |TAMS 0x0000000084a00000, 0x0000000084a00000| Untracked 
|  74|0x0000000084a00000, 0x0000000084b00000, 0x0000000084b00000|100%| O|  |TAMS 0x0000000084b00000, 0x0000000084b00000| Untracked 
|  75|0x0000000084b00000, 0x0000000084c00000, 0x0000000084c00000|100%| O|  |TAMS 0x0000000084c00000, 0x0000000084c00000| Untracked 
|  76|0x0000000084c00000, 0x0000000084d00000, 0x0000000084d00000|100%| O|  |TAMS 0x0000000084d00000, 0x0000000084d00000| Untracked 
|  77|0x0000000084d00000, 0x0000000084e00000, 0x0000000084e00000|100%| O|  |TAMS 0x0000000084e00000, 0x0000000084e00000| Untracked 
|  78|0x0000000084e00000, 0x0000000084f00000, 0x0000000084f00000|100%| O|  |TAMS 0x0000000084f00000, 0x0000000084f00000| Untracked 
|  79|0x0000000084f00000, 0x0000000085000000, 0x0000000085000000|100%| O|  |TAMS 0x0000000085000000, 0x0000000085000000| Untracked 
|  80|0x0000000085000000, 0x0000000085100000, 0x0000000085100000|100%| O|  |TAMS 0x0000000085100000, 0x0000000085100000| Untracked 
|  81|0x0000000085100000, 0x0000000085200000, 0x0000000085200000|100%| O|  |TAMS 0x0000000085200000, 0x0000000085200000| Untracked 
|  82|0x0000000085200000, 0x0000000085300000, 0x0000000085300000|100%| O|  |TAMS 0x0000000085300000, 0x0000000085300000| Untracked 
|  83|0x0000000085300000, 0x0000000085400000, 0x0000000085400000|100%| O|  |TAMS 0x0000000085400000, 0x0000000085400000| Untracked 
|  84|0x0000000085400000, 0x0000000085500000, 0x0000000085500000|100%| O|  |TAMS 0x0000000085500000, 0x0000000085500000| Untracked 
|  85|0x0000000085500000, 0x0000000085600000, 0x0000000085600000|100%| O|  |TAMS 0x0000000085600000, 0x0000000085600000| Untracked 
|  86|0x0000000085600000, 0x0000000085700000, 0x0000000085700000|100%| O|  |TAMS 0x0000000085700000, 0x0000000085700000| Untracked 
|  87|0x0000000085700000, 0x0000000085800000, 0x0000000085800000|100%| O|  |TAMS 0x0000000085800000, 0x0000000085800000| Untracked 
|  88|0x0000000085800000, 0x0000000085900000, 0x0000000085900000|100%| O|  |TAMS 0x0000000085900000, 0x0000000085900000| Untracked 
|  89|0x0000000085900000, 0x0000000085a00000, 0x0000000085a00000|100%| O|  |TAMS 0x0000000085a00000, 0x0000000085a00000| Untracked 
|  90|0x0000000085a00000, 0x0000000085b00000, 0x0000000085b00000|100%| O|  |TAMS 0x0000000085b00000, 0x0000000085b00000| Untracked 
|  91|0x0000000085b00000, 0x0000000085c00000, 0x0000000085c00000|100%| O|  |TAMS 0x0000000085b00000, 0x0000000085c00000| Untracked 
|  92|0x0000000085c00000, 0x0000000085d00000, 0x0000000085d00000|100%| O|  |TAMS 0x0000000085d00000, 0x0000000085d00000| Untracked 
|  93|0x0000000085d00000, 0x0000000085e00000, 0x0000000085e00000|100%| O|  |TAMS 0x0000000085e00000, 0x0000000085e00000| Untracked 
|  94|0x0000000085e00000, 0x0000000085f00000, 0x0000000085f00000|100%| O|  |TAMS 0x0000000085f00000, 0x0000000085f00000| Untracked 
|  95|0x0000000085f00000, 0x0000000086000000, 0x0000000086000000|100%| O|  |TAMS 0x0000000086000000, 0x0000000086000000| Untracked 
|  96|0x0000000086000000, 0x0000000086100000, 0x0000000086100000|100%| O|  |TAMS 0x0000000086100000, 0x0000000086100000| Untracked 
|  97|0x0000000086100000, 0x0000000086200000, 0x0000000086200000|100%| O|  |TAMS 0x0000000086200000, 0x0000000086200000| Untracked 
|  98|0x0000000086200000, 0x0000000086300000, 0x0000000086300000|100%| O|  |TAMS 0x0000000086300000, 0x0000000086300000| Untracked 
|  99|0x0000000086300000, 0x0000000086400000, 0x0000000086400000|100%| O|  |TAMS 0x0000000086400000, 0x0000000086400000| Untracked 
| 100|0x0000000086400000, 0x0000000086500000, 0x0000000086500000|100%| O|  |TAMS 0x0000000086500000, 0x0000000086500000| Untracked 
| 101|0x0000000086500000, 0x0000000086600000, 0x0000000086600000|100%| O|  |TAMS 0x0000000086600000, 0x0000000086600000| Untracked 
| 102|0x0000000086600000, 0x0000000086700000, 0x0000000086700000|100%| O|  |TAMS 0x0000000086700000, 0x0000000086700000| Untracked 
| 103|0x0000000086700000, 0x0000000086800000, 0x0000000086800000|100%| O|  |TAMS 0x0000000086800000, 0x0000000086800000| Untracked 
| 104|0x0000000086800000, 0x0000000086900000, 0x0000000086900000|100%| O|  |TAMS 0x0000000086900000, 0x0000000086900000| Untracked 
| 105|0x0000000086900000, 0x0000000086a00000, 0x0000000086a00000|100%| O|  |TAMS 0x0000000086a00000, 0x0000000086a00000| Untracked 
| 106|0x0000000086a00000, 0x0000000086b00000, 0x0000000086b00000|100%| O|  |TAMS 0x0000000086b00000, 0x0000000086b00000| Untracked 
| 107|0x0000000086b00000, 0x0000000086c00000, 0x0000000086c00000|100%| O|  |TAMS 0x0000000086c00000, 0x0000000086c00000| Untracked 
| 108|0x0000000086c00000, 0x0000000086d00000, 0x0000000086d00000|100%| O|  |TAMS 0x0000000086d00000, 0x0000000086d00000| Untracked 
| 109|0x0000000086d00000, 0x0000000086e00000, 0x0000000086e00000|100%| O|  |TAMS 0x0000000086e00000, 0x0000000086e00000| Untracked 
| 110|0x0000000086e00000, 0x0000000086f00000, 0x0000000086f00000|100%| O|  |TAMS 0x0000000086f00000, 0x0000000086f00000| Untracked 
| 111|0x0000000086f00000, 0x0000000087000000, 0x0000000087000000|100%| O|  |TAMS 0x0000000087000000, 0x0000000087000000| Untracked 
| 112|0x0000000087000000, 0x0000000087100000, 0x0000000087100000|100%| O|  |TAMS 0x0000000087100000, 0x0000000087100000| Untracked 
| 113|0x0000000087100000, 0x0000000087200000, 0x0000000087200000|100%| O|  |TAMS 0x0000000087200000, 0x0000000087200000| Untracked 
| 114|0x0000000087200000, 0x0000000087300000, 0x0000000087300000|100%|HS|  |TAMS 0x0000000087300000, 0x0000000087300000| Complete 
| 115|0x0000000087300000, 0x0000000087400000, 0x0000000087400000|100%|HC|  |TAMS 0x0000000087400000, 0x0000000087400000| Complete 
| 116|0x0000000087400000, 0x0000000087500000, 0x0000000087500000|100%| O|  |TAMS 0x0000000087500000, 0x0000000087500000| Untracked 
| 117|0x0000000087500000, 0x0000000087600000, 0x0000000087600000|100%| O|  |TAMS 0x0000000087600000, 0x0000000087600000| Untracked 
| 118|0x0000000087600000, 0x0000000087700000, 0x0000000087700000|100%| O|  |TAMS 0x0000000087700000, 0x0000000087700000| Untracked 
| 119|0x0000000087700000, 0x0000000087800000, 0x0000000087800000|100%| O|  |TAMS 0x0000000087800000, 0x0000000087800000| Untracked 
| 120|0x0000000087800000, 0x0000000087900000, 0x0000000087900000|100%| O|  |TAMS 0x0000000087900000, 0x0000000087900000| Untracked 
| 121|0x0000000087900000, 0x0000000087a00000, 0x0000000087a00000|100%| O|  |TAMS 0x0000000087a00000, 0x0000000087a00000| Untracked 
| 122|0x0000000087a00000, 0x0000000087b00000, 0x0000000087b00000|100%| O|  |TAMS 0x0000000087b00000, 0x0000000087b00000| Untracked 
| 123|0x0000000087b00000, 0x0000000087c00000, 0x0000000087c00000|100%| O|  |TAMS 0x0000000087c00000, 0x0000000087c00000| Untracked 
| 124|0x0000000087c00000, 0x0000000087d00000, 0x0000000087d00000|100%| O|  |TAMS 0x0000000087d00000, 0x0000000087d00000| Untracked 
| 125|0x0000000087d00000, 0x0000000087e00000, 0x0000000087e00000|100%| O|  |TAMS 0x0000000087e00000, 0x0000000087e00000| Untracked 
| 126|0x0000000087e00000, 0x0000000087f00000, 0x0000000087f00000|100%| O|  |TAMS 0x0000000087f00000, 0x0000000087f00000| Untracked 
| 127|0x0000000087f00000, 0x0000000088000000, 0x0000000088000000|100%| O|  |TAMS 0x0000000088000000, 0x0000000088000000| Untracked 
| 128|0x0000000088000000, 0x0000000088100000, 0x0000000088100000|100%| O|  |TAMS 0x0000000088100000, 0x0000000088100000| Untracked 
| 129|0x0000000088100000, 0x0000000088200000, 0x0000000088200000|100%| O|  |TAMS 0x0000000088200000, 0x0000000088200000| Untracked 
| 130|0x0000000088200000, 0x0000000088300000, 0x0000000088300000|100%| O|  |TAMS 0x0000000088300000, 0x0000000088300000| Untracked 
| 131|0x0000000088300000, 0x0000000088400000, 0x0000000088400000|100%| O|  |TAMS 0x0000000088400000, 0x0000000088400000| Untracked 
| 132|0x0000000088400000, 0x0000000088500000, 0x0000000088500000|100%| O|  |TAMS 0x0000000088400000, 0x0000000088400000| Untracked 
| 133|0x0000000088500000, 0x0000000088600000, 0x0000000088600000|100%| O|  |TAMS 0x0000000088500000, 0x0000000088500000| Untracked 
| 134|0x0000000088600000, 0x0000000088700000, 0x0000000088700000|100%| O|  |TAMS 0x0000000088600000, 0x0000000088700000| Untracked 
| 135|0x0000000088700000, 0x0000000088800000, 0x0000000088800000|100%| O|  |TAMS 0x0000000088700000, 0x0000000088800000| Untracked 
| 136|0x0000000088800000, 0x0000000088900000, 0x0000000088900000|100%| O|  |TAMS 0x0000000088800000, 0x0000000088900000| Untracked 
| 137|0x0000000088900000, 0x0000000088a00000, 0x0000000088a00000|100%| O|  |TAMS 0x0000000088900000, 0x0000000088a00000| Untracked 
| 138|0x0000000088a00000, 0x0000000088b00000, 0x0000000088b00000|100%| O|  |TAMS 0x0000000088a00000, 0x0000000088b00000| Untracked 
| 139|0x0000000088b00000, 0x0000000088c00000, 0x0000000088c00000|100%| O|  |TAMS 0x0000000088b00000, 0x0000000088c00000| Untracked 
| 140|0x0000000088c00000, 0x0000000088d00000, 0x0000000088d00000|100%| O|  |TAMS 0x0000000088c00000, 0x0000000088d00000| Untracked 
| 141|0x0000000088d00000, 0x0000000088e00000, 0x0000000088e00000|100%| O|  |TAMS 0x0000000088d00000, 0x0000000088e00000| Untracked 
| 142|0x0000000088e00000, 0x0000000088f00000, 0x0000000088f00000|100%| O|  |TAMS 0x0000000088e00000, 0x0000000088f00000| Untracked 
| 143|0x0000000088f00000, 0x0000000089000000, 0x0000000089000000|100%| O|  |TAMS 0x0000000088f00000, 0x0000000089000000| Untracked 
| 144|0x0000000089000000, 0x0000000089100000, 0x0000000089100000|100%| O|  |TAMS 0x0000000089000000, 0x0000000089100000| Untracked 
| 145|0x0000000089100000, 0x0000000089200000, 0x0000000089200000|100%| O|  |TAMS 0x0000000089100000, 0x0000000089200000| Untracked 
| 146|0x0000000089200000, 0x0000000089300000, 0x0000000089300000|100%| O|  |TAMS 0x0000000089200000, 0x0000000089300000| Untracked 
| 147|0x0000000089300000, 0x0000000089400000, 0x0000000089400000|100%| O|  |TAMS 0x0000000089300000, 0x0000000089400000| Untracked 
| 148|0x0000000089400000, 0x0000000089500000, 0x0000000089500000|100%| O|  |TAMS 0x0000000089400000, 0x0000000089500000| Untracked 
| 149|0x0000000089500000, 0x0000000089600000, 0x0000000089600000|100%| O|  |TAMS 0x0000000089500000, 0x0000000089600000| Untracked 
| 150|0x0000000089600000, 0x0000000089700000, 0x0000000089700000|100%| O|  |TAMS 0x0000000089600000, 0x0000000089700000| Untracked 
| 151|0x0000000089700000, 0x0000000089800000, 0x0000000089800000|100%| O|  |TAMS 0x0000000089700000, 0x0000000089800000| Untracked 
| 152|0x0000000089800000, 0x0000000089900000, 0x0000000089900000|100%| O|  |TAMS 0x0000000089800000, 0x0000000089900000| Untracked 
| 153|0x0000000089900000, 0x0000000089a00000, 0x0000000089a00000|100%| O|  |TAMS 0x0000000089900000, 0x0000000089a00000| Untracked 
| 154|0x0000000089a00000, 0x0000000089b00000, 0x0000000089b00000|100%| O|  |TAMS 0x0000000089a00000, 0x0000000089b00000| Untracked 
| 155|0x0000000089b00000, 0x0000000089c00000, 0x0000000089c00000|100%| O|  |TAMS 0x0000000089b00000, 0x0000000089c00000| Untracked 
| 156|0x0000000089c00000, 0x0000000089d00000, 0x0000000089d00000|100%| O|  |TAMS 0x0000000089c00000, 0x0000000089d00000| Untracked 
| 157|0x0000000089d00000, 0x0000000089e00000, 0x0000000089e00000|100%| O|  |TAMS 0x0000000089d00000, 0x0000000089e00000| Untracked 
| 158|0x0000000089e00000, 0x0000000089f00000, 0x0000000089f00000|100%| O|  |TAMS 0x0000000089e00000, 0x0000000089f00000| Untracked 
| 159|0x0000000089f00000, 0x000000008a000000, 0x000000008a000000|100%| O|  |TAMS 0x0000000089f00000, 0x000000008a000000| Untracked 
| 160|0x000000008a000000, 0x000000008a100000, 0x000000008a100000|100%| O|  |TAMS 0x000000008a000000, 0x000000008a100000| Untracked 
| 161|0x000000008a100000, 0x000000008a200000, 0x000000008a200000|100%| O|  |TAMS 0x000000008a100000, 0x000000008a200000| Untracked 
| 162|0x000000008a200000, 0x000000008a300000, 0x000000008a300000|100%| O|  |TAMS 0x000000008a200000, 0x000000008a300000| Untracked 
| 163|0x000000008a300000, 0x000000008a400000, 0x000000008a400000|100%| O|  |TAMS 0x000000008a300000, 0x000000008a400000| Untracked 
| 164|0x000000008a400000, 0x000000008a500000, 0x000000008a500000|100%| O|  |TAMS 0x000000008a400000, 0x000000008a500000| Untracked 
| 165|0x000000008a500000, 0x000000008a600000, 0x000000008a600000|100%| O|  |TAMS 0x000000008a500000, 0x000000008a600000| Untracked 
| 166|0x000000008a600000, 0x000000008a700000, 0x000000008a700000|100%| O|  |TAMS 0x000000008a600000, 0x000000008a700000| Untracked 
| 167|0x000000008a700000, 0x000000008a800000, 0x000000008a800000|100%| O|  |TAMS 0x000000008a700000, 0x000000008a800000| Untracked 
| 168|0x000000008a800000, 0x000000008a900000, 0x000000008a900000|100%| O|  |TAMS 0x000000008a800000, 0x000000008a900000| Untracked 
| 169|0x000000008a900000, 0x000000008aa00000, 0x000000008aa00000|100%| O|  |TAMS 0x000000008a900000, 0x000000008aa00000| Untracked 
| 170|0x000000008aa00000, 0x000000008ab00000, 0x000000008ab00000|100%| O|  |TAMS 0x000000008aa00000, 0x000000008ab00000| Untracked 
| 171|0x000000008ab00000, 0x000000008ac00000, 0x000000008ac00000|100%| O|  |TAMS 0x000000008ab00000, 0x000000008ac00000| Untracked 
| 172|0x000000008ac00000, 0x000000008ad00000, 0x000000008ad00000|100%| O|  |TAMS 0x000000008ac00000, 0x000000008ad00000| Untracked 
| 173|0x000000008ad00000, 0x000000008ae00000, 0x000000008ae00000|100%| O|  |TAMS 0x000000008ad00000, 0x000000008ae00000| Untracked 
| 174|0x000000008ae00000, 0x000000008af00000, 0x000000008af00000|100%| O|  |TAMS 0x000000008ae00000, 0x000000008af00000| Untracked 
| 175|0x000000008af00000, 0x000000008b000000, 0x000000008b000000|100%| O|  |TAMS 0x000000008af00000, 0x000000008b000000| Untracked 
| 176|0x000000008b000000, 0x000000008b100000, 0x000000008b100000|100%| O|  |TAMS 0x000000008b000000, 0x000000008b100000| Untracked 
| 177|0x000000008b100000, 0x000000008b200000, 0x000000008b200000|100%| O|  |TAMS 0x000000008b100000, 0x000000008b200000| Untracked 
| 178|0x000000008b200000, 0x000000008b300000, 0x000000008b300000|100%| O|  |TAMS 0x000000008b200000, 0x000000008b300000| Untracked 
| 179|0x000000008b300000, 0x000000008b400000, 0x000000008b400000|100%| O|  |TAMS 0x000000008b300000, 0x000000008b3f0000| Untracked 
| 180|0x000000008b400000, 0x000000008b500000, 0x000000008b500000|100%| O|  |TAMS 0x000000008b400000, 0x000000008b400000| Untracked 
| 181|0x000000008b500000, 0x000000008b600000, 0x000000008b600000|100%| O|  |TAMS 0x000000008b500000, 0x000000008b500000| Untracked 
| 182|0x000000008b600000, 0x000000008b700000, 0x000000008b700000|100%| O|  |TAMS 0x000000008b600000, 0x000000008b600000| Untracked 
| 183|0x000000008b700000, 0x000000008b800000, 0x000000008b800000|100%| O|  |TAMS 0x000000008b700000, 0x000000008b700000| Untracked 
| 184|0x000000008b800000, 0x000000008b900000, 0x000000008b900000|100%| O|  |TAMS 0x000000008b800000, 0x000000008b800000| Untracked 
| 185|0x000000008b900000, 0x000000008ba00000, 0x000000008ba00000|100%| O|  |TAMS 0x000000008b900000, 0x000000008b900000| Untracked 
| 186|0x000000008ba00000, 0x000000008bb00000, 0x000000008bb00000|100%| O|  |TAMS 0x000000008ba00000, 0x000000008ba00000| Untracked 
| 187|0x000000008bb00000, 0x000000008bc00000, 0x000000008bc00000|100%| O|  |TAMS 0x000000008bb00000, 0x000000008bb00000| Untracked 
| 188|0x000000008bc00000, 0x000000008bd00000, 0x000000008bd00000|100%| O|  |TAMS 0x000000008bc00000, 0x000000008bc00000| Untracked 
| 189|0x000000008bd00000, 0x000000008be00000, 0x000000008be00000|100%| O|  |TAMS 0x000000008bd00000, 0x000000008bd00000| Untracked 
| 190|0x000000008be00000, 0x000000008bf00000, 0x000000008bf00000|100%| O|  |TAMS 0x000000008be00000, 0x000000008be00000| Untracked 
| 191|0x000000008bf00000, 0x000000008c000000, 0x000000008c000000|100%| O|  |TAMS 0x000000008bf00000, 0x000000008bf00000| Untracked 
| 192|0x000000008c000000, 0x000000008c100000, 0x000000008c100000|100%| O|  |TAMS 0x000000008c000000, 0x000000008c000000| Untracked 
| 193|0x000000008c100000, 0x000000008c200000, 0x000000008c200000|100%| O|  |TAMS 0x000000008c100000, 0x000000008c100000| Untracked 
| 194|0x000000008c200000, 0x000000008c300000, 0x000000008c300000|100%| O|  |TAMS 0x000000008c200000, 0x000000008c200000| Untracked 
| 195|0x000000008c300000, 0x000000008c400000, 0x000000008c400000|100%| O|  |TAMS 0x000000008c300000, 0x000000008c300000| Untracked 
| 196|0x000000008c400000, 0x000000008c500000, 0x000000008c500000|100%| O|  |TAMS 0x000000008c400000, 0x000000008c400000| Untracked 
| 197|0x000000008c500000, 0x000000008c600000, 0x000000008c600000|100%| O|  |TAMS 0x000000008c500000, 0x000000008c500000| Untracked 
| 198|0x000000008c600000, 0x000000008c700000, 0x000000008c700000|100%| O|  |TAMS 0x000000008c600000, 0x000000008c600000| Untracked 
| 199|0x000000008c700000, 0x000000008c800000, 0x000000008c800000|100%| O|  |TAMS 0x000000008c700000, 0x000000008c700000| Untracked 
| 200|0x000000008c800000, 0x000000008c900000, 0x000000008c900000|100%| O|  |TAMS 0x000000008c800000, 0x000000008c800000| Untracked 
| 201|0x000000008c900000, 0x000000008ca00000, 0x000000008ca00000|100%| O|  |TAMS 0x000000008c900000, 0x000000008c900000| Untracked 
| 202|0x000000008ca00000, 0x000000008cb00000, 0x000000008cb00000|100%| O|  |TAMS 0x000000008ca00000, 0x000000008ca00000| Untracked 
| 203|0x000000008cb00000, 0x000000008cc00000, 0x000000008cc00000|100%| O|  |TAMS 0x000000008cb00000, 0x000000008cb00000| Untracked 
| 204|0x000000008cc00000, 0x000000008cd00000, 0x000000008cd00000|100%| O|  |TAMS 0x000000008cc00000, 0x000000008cc00000| Untracked 
| 205|0x000000008cd00000, 0x000000008ce00000, 0x000000008ce00000|100%| O|  |TAMS 0x000000008cd00000, 0x000000008cd00000| Untracked 
| 206|0x000000008ce00000, 0x000000008cf00000, 0x000000008cf00000|100%| O|  |TAMS 0x000000008ce00000, 0x000000008ce00000| Untracked 
| 207|0x000000008cf00000, 0x000000008d000000, 0x000000008d000000|100%| O|  |TAMS 0x000000008cf00000, 0x000000008cf00000| Untracked 
| 208|0x000000008d000000, 0x000000008d100000, 0x000000008d100000|100%| O|  |TAMS 0x000000008d000000, 0x000000008d000000| Untracked 
| 209|0x000000008d100000, 0x000000008d200000, 0x000000008d200000|100%| O|  |TAMS 0x000000008d100000, 0x000000008d100000| Untracked 
| 210|0x000000008d200000, 0x000000008d300000, 0x000000008d300000|100%| O|  |TAMS 0x000000008d200000, 0x000000008d200000| Untracked 
| 211|0x000000008d300000, 0x000000008d400000, 0x000000008d400000|100%| O|  |TAMS 0x000000008d300000, 0x000000008d300000| Untracked 
| 212|0x000000008d400000, 0x000000008d500000, 0x000000008d500000|100%| O|  |TAMS 0x000000008d400000, 0x000000008d400000| Untracked 
| 213|0x000000008d500000, 0x000000008d600000, 0x000000008d600000|100%| O|  |TAMS 0x000000008d500000, 0x000000008d500000| Untracked 
| 214|0x000000008d600000, 0x000000008d700000, 0x000000008d700000|100%| O|  |TAMS 0x000000008d600000, 0x000000008d600000| Untracked 
| 215|0x000000008d700000, 0x000000008d800000, 0x000000008d800000|100%| O|  |TAMS 0x000000008d700000, 0x000000008d700000| Untracked 
| 216|0x000000008d800000, 0x000000008d900000, 0x000000008d900000|100%| O|  |TAMS 0x000000008d800000, 0x000000008d800000| Untracked 
| 217|0x000000008d900000, 0x000000008da00000, 0x000000008da00000|100%| O|  |TAMS 0x000000008d900000, 0x000000008d900000| Untracked 
| 218|0x000000008da00000, 0x000000008db00000, 0x000000008db00000|100%| O|  |TAMS 0x000000008da00000, 0x000000008da00000| Untracked 
| 219|0x000000008db00000, 0x000000008dc00000, 0x000000008dc00000|100%| O|  |TAMS 0x000000008db00000, 0x000000008db00000| Untracked 
| 220|0x000000008dc00000, 0x000000008dd00000, 0x000000008dd00000|100%| O|  |TAMS 0x000000008dc00000, 0x000000008dc00000| Untracked 
| 221|0x000000008dd00000, 0x000000008de00000, 0x000000008de00000|100%| O|  |TAMS 0x000000008dd00000, 0x000000008dd00000| Untracked 
| 222|0x000000008de00000, 0x000000008df00000, 0x000000008df00000|100%| O|  |TAMS 0x000000008de00000, 0x000000008de00000| Untracked 
| 223|0x000000008df00000, 0x000000008e000000, 0x000000008e000000|100%| O|  |TAMS 0x000000008df00000, 0x000000008df00000| Untracked 
| 224|0x000000008e000000, 0x000000008e100000, 0x000000008e100000|100%| O|  |TAMS 0x000000008e000000, 0x000000008e000000| Untracked 
| 225|0x000000008e100000, 0x000000008e200000, 0x000000008e200000|100%| O|  |TAMS 0x000000008e100000, 0x000000008e100000| Untracked 
| 226|0x000000008e200000, 0x000000008e300000, 0x000000008e300000|100%| O|  |TAMS 0x000000008e200000, 0x000000008e200000| Untracked 
| 227|0x000000008e300000, 0x000000008e400000, 0x000000008e400000|100%| O|  |TAMS 0x000000008e300000, 0x000000008e300000| Untracked 
| 228|0x000000008e400000, 0x000000008e500000, 0x000000008e500000|100%| O|  |TAMS 0x000000008e400000, 0x000000008e400000| Untracked 
| 229|0x000000008e500000, 0x000000008e600000, 0x000000008e600000|100%| O|  |TAMS 0x000000008e500000, 0x000000008e500000| Untracked 
| 230|0x000000008e600000, 0x000000008e600000, 0x000000008e700000|  0%| F|  |TAMS 0x000000008e600000, 0x000000008e600000| Untracked 
| 231|0x000000008e700000, 0x000000008e700000, 0x000000008e800000|  0%| F|  |TAMS 0x000000008e700000, 0x000000008e700000| Untracked 
| 232|0x000000008e800000, 0x000000008e800000, 0x000000008e900000|  0%| F|  |TAMS 0x000000008e800000, 0x000000008e800000| Untracked 
| 233|0x000000008e900000, 0x000000008e900000, 0x000000008ea00000|  0%| F|  |TAMS 0x000000008e900000, 0x000000008e900000| Untracked 
| 234|0x000000008ea00000, 0x000000008ea00000, 0x000000008eb00000|  0%| F|  |TAMS 0x000000008ea00000, 0x000000008ea00000| Untracked 
| 235|0x000000008eb00000, 0x000000008eb00000, 0x000000008ec00000|  0%| F|  |TAMS 0x000000008eb00000, 0x000000008eb00000| Untracked 
| 236|0x000000008ec00000, 0x000000008ec00000, 0x000000008ed00000|  0%| F|  |TAMS 0x000000008ec00000, 0x000000008ec00000| Untracked 
| 237|0x000000008ed00000, 0x000000008ed00000, 0x000000008ee00000|  0%| F|  |TAMS 0x000000008ed00000, 0x000000008ed00000| Untracked 
| 238|0x000000008ee00000, 0x000000008ee00000, 0x000000008ef00000|  0%| F|  |TAMS 0x000000008ee00000, 0x000000008ee00000| Untracked 
| 239|0x000000008ef00000, 0x000000008ef00000, 0x000000008f000000|  0%| F|  |TAMS 0x000000008ef00000, 0x000000008ef00000| Untracked 
| 240|0x000000008f000000, 0x000000008f000000, 0x000000008f100000|  0%| F|  |TAMS 0x000000008f000000, 0x000000008f000000| Untracked 
| 241|0x000000008f100000, 0x000000008f100000, 0x000000008f200000|  0%| F|  |TAMS 0x000000008f100000, 0x000000008f100000| Untracked 
| 242|0x000000008f200000, 0x000000008f200000, 0x000000008f300000|  0%| F|  |TAMS 0x000000008f200000, 0x000000008f200000| Untracked 
| 243|0x000000008f300000, 0x000000008f300000, 0x000000008f400000|  0%| F|  |TAMS 0x000000008f300000, 0x000000008f300000| Untracked 
| 244|0x000000008f400000, 0x000000008f400000, 0x000000008f500000|  0%| F|  |TAMS 0x000000008f400000, 0x000000008f400000| Untracked 
| 245|0x000000008f500000, 0x000000008f500000, 0x000000008f600000|  0%| F|  |TAMS 0x000000008f500000, 0x000000008f500000| Untracked 
| 246|0x000000008f600000, 0x000000008f600000, 0x000000008f700000|  0%| F|  |TAMS 0x000000008f600000, 0x000000008f600000| Untracked 
| 247|0x000000008f700000, 0x000000008f700000, 0x000000008f800000|  0%| F|  |TAMS 0x000000008f700000, 0x000000008f700000| Untracked 
| 248|0x000000008f800000, 0x000000008f800000, 0x000000008f900000|  0%| F|  |TAMS 0x000000008f800000, 0x000000008f800000| Untracked 
| 249|0x000000008f900000, 0x000000008f900000, 0x000000008fa00000|  0%| F|  |TAMS 0x000000008f900000, 0x000000008f900000| Untracked 
| 250|0x000000008fa00000, 0x000000008fa00000, 0x000000008fb00000|  0%| F|  |TAMS 0x000000008fa00000, 0x000000008fa00000| Untracked 
| 251|0x000000008fb00000, 0x000000008fb00000, 0x000000008fc00000|  0%| F|  |TAMS 0x000000008fb00000, 0x000000008fb00000| Untracked 
| 252|0x000000008fc00000, 0x000000008fc00000, 0x000000008fd00000|  0%| F|  |TAMS 0x000000008fc00000, 0x000000008fc00000| Untracked 
| 253|0x000000008fd00000, 0x000000008fd00000, 0x000000008fe00000|  0%| F|  |TAMS 0x000000008fd00000, 0x000000008fd00000| Untracked 
| 254|0x000000008fe00000, 0x000000008fe00000, 0x000000008ff00000|  0%| F|  |TAMS 0x000000008fe00000, 0x000000008fe00000| Untracked 
| 255|0x000000008ff00000, 0x000000008ff00000, 0x0000000090000000|  0%| F|  |TAMS 0x000000008ff00000, 0x000000008ff00000| Untracked 
| 256|0x0000000090000000, 0x0000000090000000, 0x0000000090100000|  0%| F|  |TAMS 0x0000000090000000, 0x0000000090000000| Untracked 
| 257|0x0000000090100000, 0x0000000090100000, 0x0000000090200000|  0%| F|  |TAMS 0x0000000090100000, 0x0000000090100000| Untracked 
| 258|0x0000000090200000, 0x0000000090200000, 0x0000000090300000|  0%| F|  |TAMS 0x0000000090200000, 0x0000000090200000| Untracked 
| 259|0x0000000090300000, 0x0000000090300000, 0x0000000090400000|  0%| F|  |TAMS 0x0000000090300000, 0x0000000090300000| Untracked 
| 260|0x0000000090400000, 0x0000000090400000, 0x0000000090500000|  0%| F|  |TAMS 0x0000000090400000, 0x0000000090400000| Untracked 
| 261|0x0000000090500000, 0x0000000090500000, 0x0000000090600000|  0%| F|  |TAMS 0x0000000090500000, 0x0000000090500000| Untracked 
| 262|0x0000000090600000, 0x0000000090600000, 0x0000000090700000|  0%| F|  |TAMS 0x0000000090600000, 0x0000000090600000| Untracked 
| 263|0x0000000090700000, 0x0000000090700000, 0x0000000090800000|  0%| F|  |TAMS 0x0000000090700000, 0x0000000090700000| Untracked 
| 264|0x0000000090800000, 0x0000000090800000, 0x0000000090900000|  0%| F|  |TAMS 0x0000000090800000, 0x0000000090800000| Untracked 
| 265|0x0000000090900000, 0x0000000090900000, 0x0000000090a00000|  0%| F|  |TAMS 0x0000000090900000, 0x0000000090900000| Untracked 
| 266|0x0000000090a00000, 0x0000000090a00000, 0x0000000090b00000|  0%| F|  |TAMS 0x0000000090a00000, 0x0000000090a00000| Untracked 
| 267|0x0000000090b00000, 0x0000000090b00000, 0x0000000090c00000|  0%| F|  |TAMS 0x0000000090b00000, 0x0000000090b00000| Untracked 
| 268|0x0000000090c00000, 0x0000000090c00000, 0x0000000090d00000|  0%| F|  |TAMS 0x0000000090c00000, 0x0000000090c00000| Untracked 
| 269|0x0000000090d00000, 0x0000000090d00000, 0x0000000090e00000|  0%| F|  |TAMS 0x0000000090d00000, 0x0000000090d00000| Untracked 
| 270|0x0000000090e00000, 0x0000000090e00000, 0x0000000090f00000|  0%| F|  |TAMS 0x0000000090e00000, 0x0000000090e00000| Untracked 
| 271|0x0000000090f00000, 0x0000000090f00000, 0x0000000091000000|  0%| F|  |TAMS 0x0000000090f00000, 0x0000000090f00000| Untracked 
| 272|0x0000000091000000, 0x0000000091000000, 0x0000000091100000|  0%| F|  |TAMS 0x0000000091000000, 0x0000000091000000| Untracked 
| 273|0x0000000091100000, 0x0000000091100000, 0x0000000091200000|  0%| F|  |TAMS 0x0000000091100000, 0x0000000091100000| Untracked 
| 274|0x0000000091200000, 0x0000000091200000, 0x0000000091300000|  0%| F|  |TAMS 0x0000000091200000, 0x0000000091200000| Untracked 
| 275|0x0000000091300000, 0x0000000091300000, 0x0000000091400000|  0%| F|  |TAMS 0x0000000091300000, 0x0000000091300000| Untracked 
| 276|0x0000000091400000, 0x0000000091400000, 0x0000000091500000|  0%| F|  |TAMS 0x0000000091400000, 0x0000000091400000| Untracked 
| 277|0x0000000091500000, 0x0000000091500000, 0x0000000091600000|  0%| F|  |TAMS 0x0000000091500000, 0x0000000091500000| Untracked 
| 278|0x0000000091600000, 0x0000000091600000, 0x0000000091700000|  0%| F|  |TAMS 0x0000000091600000, 0x0000000091600000| Untracked 
| 279|0x0000000091700000, 0x0000000091700000, 0x0000000091800000|  0%| F|  |TAMS 0x0000000091700000, 0x0000000091700000| Untracked 
| 280|0x0000000091800000, 0x0000000091800000, 0x0000000091900000|  0%| F|  |TAMS 0x0000000091800000, 0x0000000091800000| Untracked 
| 281|0x0000000091900000, 0x0000000091a00000, 0x0000000091a00000|100%| S|CS|TAMS 0x0000000091900000, 0x0000000091900000| Complete 
| 282|0x0000000091a00000, 0x0000000091b00000, 0x0000000091b00000|100%| S|CS|TAMS 0x0000000091a00000, 0x0000000091a00000| Complete 
| 283|0x0000000091b00000, 0x0000000091c00000, 0x0000000091c00000|100%| S|CS|TAMS 0x0000000091b00000, 0x0000000091b00000| Complete 
| 284|0x0000000091c00000, 0x0000000091c00000, 0x0000000091d00000|  0%| F|  |TAMS 0x0000000091c00000, 0x0000000091c00000| Untracked 
| 285|0x0000000091d00000, 0x0000000091d00000, 0x0000000091e00000|  0%| F|  |TAMS 0x0000000091d00000, 0x0000000091d00000| Untracked 
| 286|0x0000000091e00000, 0x0000000091e00000, 0x0000000091f00000|  0%| F|  |TAMS 0x0000000091e00000, 0x0000000091e00000| Untracked 
| 287|0x0000000091f00000, 0x0000000091f00000, 0x0000000092000000|  0%| F|  |TAMS 0x0000000091f00000, 0x0000000091f00000| Untracked 
| 288|0x0000000092000000, 0x0000000092000000, 0x0000000092100000|  0%| F|  |TAMS 0x0000000092000000, 0x0000000092000000| Untracked 
| 289|0x0000000092100000, 0x0000000092100000, 0x0000000092200000|  0%| F|  |TAMS 0x0000000092100000, 0x0000000092100000| Untracked 
| 290|0x0000000092200000, 0x0000000092200000, 0x0000000092300000|  0%| F|  |TAMS 0x0000000092200000, 0x0000000092200000| Untracked 
| 291|0x0000000092300000, 0x0000000092300000, 0x0000000092400000|  0%| F|  |TAMS 0x0000000092300000, 0x0000000092300000| Untracked 
| 292|0x0000000092400000, 0x0000000092400000, 0x0000000092500000|  0%| F|  |TAMS 0x0000000092400000, 0x0000000092400000| Untracked 
| 293|0x0000000092500000, 0x0000000092500000, 0x0000000092600000|  0%| F|  |TAMS 0x0000000092500000, 0x0000000092500000| Untracked 
| 294|0x0000000092600000, 0x0000000092600000, 0x0000000092700000|  0%| F|  |TAMS 0x0000000092600000, 0x0000000092600000| Untracked 
| 295|0x0000000092700000, 0x0000000092700000, 0x0000000092800000|  0%| F|  |TAMS 0x0000000092700000, 0x0000000092700000| Untracked 
| 296|0x0000000092800000, 0x0000000092800000, 0x0000000092900000|  0%| F|  |TAMS 0x0000000092800000, 0x0000000092800000| Untracked 

Card table byte_map: [0x000001ae1f770000,0x000001ae1fb70000] _byte_map_base: 0x000001ae1f370000

Marking Bits (Prev, Next): (CMBitMap*) 0x000001ae0cde6d10, (CMBitMap*) 0x000001ae0cde6d50
 Prev Bits: [0x000001ae1ff70000, 0x000001ae21f70000)
 Next Bits: [0x000001ae21f70000, 0x000001ae23f70000)

Polling page: 0x000001ae0c560000

Metaspace:

Usage:
  Non-class:    105.50 MB used.
      Class:     15.68 MB used.
       Both:    121.18 MB used.

Virtual space:
  Non-class space:      112.00 MB reserved,     105.94 MB ( 95%) committed,  14 nodes.
      Class space:        1.00 GB reserved,      16.06 MB (  2%) committed,  1 nodes.
             Both:        1.11 GB reserved,     122.00 MB ( 11%) committed. 

Chunk freelists:
   Non-Class:  1.73 MB
       Class:  3.86 MB
        Both:  5.59 MB

MaxMetaspaceSize: unlimited
CompressedClassSpaceSize: 1.00 GB
Initial GC threshold: 21.00 MB
Current GC threshold: 197.62 MB
CDS: off
MetaspaceReclaimPolicy: balanced
 - commit_granule_bytes: 65536.
 - commit_granule_words: 8192.
 - virtual_space_node_default_size: 1048576.
 - enlarge_chunks_in_place: 1.
 - new_chunks_are_fully_committed: 0.
 - uncommit_free_chunks: 1.
 - use_allocation_guard: 0.
 - handle_deallocations: 1.


Internal statistics:

num_allocs_failed_limit: 6.
num_arena_births: 1150.
num_arena_deaths: 8.
num_vsnodes_births: 15.
num_vsnodes_deaths: 0.
num_space_committed: 1951.
num_space_uncommitted: 0.
num_chunks_returned_to_freelist: 17.
num_chunks_taken_from_freelist: 5808.
num_chunk_merges: 9.
num_chunk_splits: 3907.
num_chunks_enlarged: 2679.
num_purges: 2.
num_inconsistent_stats: 0.

CodeHeap 'non-profiled nmethods': size=120000Kb used=9917Kb max_used=9933Kb free=110082Kb
 bounds [0x000001ae17d30000, 0x000001ae186f0000, 0x000001ae1f260000]
CodeHeap 'profiled nmethods': size=120000Kb used=26111Kb max_used=27421Kb free=93888Kb
 bounds [0x000001ae10260000, 0x000001ae11d30000, 0x000001ae17790000]
CodeHeap 'non-nmethods': size=5760Kb used=2416Kb max_used=2502Kb free=3343Kb
 bounds [0x000001ae17790000, 0x000001ae17a10000, 0x000001ae17d30000]
 total_blobs=14672 nmethods=13713 adapters=870
 compilation: enabled
              stopped_count=0, restarted_count=0
 full_count=0

Compilation events (20 events):
Event: 1040.400 Thread 0x000001ae2d6efec0 nmethod 16846 0x000001ae18357310 code [0x000001ae183574a0, 0x000001ae18357728]
Event: 1040.400 Thread 0x000001ae2d6efec0 16847       4       kotlin.text.StringsKt__StringsKt::split$default (26 bytes)
Event: 1040.400 Thread 0x000001ae270854f0 16864       3       java.io.FileInputStream::<init> (107 bytes)
Event: 1040.400 Thread 0x000001ae270854f0 nmethod 16864 0x000001ae1105db90 code [0x000001ae1105de00, 0x000001ae1105e888]
Event: 1040.401 Thread 0x000001ae270854f0 16865       3       java.io.FileInputStream::open (6 bytes)
Event: 1040.401 Thread 0x000001ae270854f0 nmethod 16865 0x000001ae11b06a10 code [0x000001ae11b06ba0, 0x000001ae11b06ce8]
Event: 1040.401 Thread 0x000001ae270854f0 16866       3       java.nio.charset.CharsetDecoder::onMalformedInput (26 bytes)
Event: 1040.401 Thread 0x000001ae270854f0 nmethod 16866 0x000001ae10d8c610 code [0x000001ae10d8c7c0, 0x000001ae10d8cb08]
Event: 1040.401 Thread 0x000001ae270854f0 16867       3       java.nio.charset.CharsetDecoder::implOnMalformedInput (1 bytes)
Event: 1040.401 Thread 0x000001ae270854f0 nmethod 16867 0x000001ae11b42810 code [0x000001ae11b429a0, 0x000001ae11b42ab8]
Event: 1040.401 Thread 0x000001ae270854f0 16868       3       java.nio.charset.CharsetDecoder::onUnmappableCharacter (26 bytes)
Event: 1040.401 Thread 0x000001ae270854f0 nmethod 16868 0x000001ae10db2d90 code [0x000001ae10db2f40, 0x000001ae10db3288]
Event: 1040.401 Thread 0x000001ae2d6efec0 nmethod 16847 0x000001ae18356d10 code [0x000001ae18356ea0, 0x000001ae18357048]
Event: 1040.401 Thread 0x000001ae2d6efec0 16849       4       com.google.common.collect.CollectPreconditions::checkEntryNotNull (100 bytes)
Event: 1040.402 Thread 0x000001ae2d6efec0 nmethod 16849 0x000001ae18356a10 code [0x000001ae18356b80, 0x000001ae18356c18]
Event: 1040.402 Thread 0x000001ae270854f0 16869       3       com.google.common.collect.ImmutableMapEntry$NonTerminalImmutableMapEntry::<init> (12 bytes)
Event: 1040.402 Thread 0x000001ae2d6efec0 16850       4       com.google.common.collect.ImmutableMultimap$Builder::put (50 bytes)
Event: 1040.402 Thread 0x000001ae270854f0 nmethod 16869 0x000001ae10c33290 code [0x000001ae10c33460, 0x000001ae10c33848]
Event: 1040.402 Thread 0x000001ae270854f0 16870       1       com.google.common.collect.ImmutableMapEntry$NonTerminalImmutableMapEntry::getNextInKeyBucket (5 bytes)
Event: 1040.402 Thread 0x000001ae270854f0 nmethod 16870 0x000001ae18356710 code [0x000001ae183568a0, 0x000001ae18356978]

GC Heap History (20 events):
Event: 1036.874 GC heap after
{Heap after GC invocations=75 (full 0):
 garbage-first heap   total 207872K, used 115311K [0x0000000080000000, 0x0000000100000000)
  region size 1024K, 2 young (2048K), 2 survivors (2048K)
 Metaspace       used 110952K, committed 111744K, reserved 1146880K
  class space    used 14596K, committed 14976K, reserved 1048576K
}
Event: 1037.206 GC heap before
{Heap before GC invocations=75 (full 0):
 garbage-first heap   total 207872K, used 137839K [0x0000000080000000, 0x0000000100000000)
  region size 1024K, 26 young (26624K), 2 survivors (2048K)
 Metaspace       used 116008K, committed 116800K, reserved 1155072K
  class space    used 15207K, committed 15616K, reserved 1048576K
}
Event: 1037.208 GC heap after
{Heap after GC invocations=76 (full 0):
 garbage-first heap   total 207872K, used 117144K [0x0000000080000000, 0x0000000100000000)
  region size 1024K, 3 young (3072K), 3 survivors (3072K)
 Metaspace       used 116008K, committed 116800K, reserved 1155072K
  class space    used 15207K, committed 15616K, reserved 1048576K
}
Event: 1038.852 GC heap before
{Heap before GC invocations=77 (full 0):
 garbage-first heap   total 208896K, used 176536K [0x0000000080000000, 0x0000000100000000)
  region size 1024K, 59 young (60416K), 3 survivors (3072K)
 Metaspace       used 120425K, committed 121152K, reserved 1155072K
  class space    used 15571K, committed 15936K, reserved 1048576K
}
Event: 1038.862 GC heap after
{Heap after GC invocations=78 (full 0):
 garbage-first heap   total 208896K, used 134469K [0x0000000080000000, 0x0000000100000000)
  region size 1024K, 8 young (8192K), 8 survivors (8192K)
 Metaspace       used 120425K, committed 121152K, reserved 1155072K
  class space    used 15571K, committed 15936K, reserved 1048576K
}
Event: 1038.880 GC heap before
{Heap before GC invocations=78 (full 0):
 garbage-first heap   total 208896K, used 136517K [0x0000000080000000, 0x0000000100000000)
  region size 1024K, 10 young (10240K), 8 survivors (8192K)
 Metaspace       used 120428K, committed 121216K, reserved 1155072K
  class space    used 15571K, committed 15936K, reserved 1048576K
}
Event: 1038.888 GC heap after
{Heap after GC invocations=79 (full 0):
 garbage-first heap   total 208896K, used 137462K [0x0000000080000000, 0x0000000100000000)
  region size 1024K, 2 young (2048K), 2 survivors (2048K)
 Metaspace       used 120428K, committed 121216K, reserved 1155072K
  class space    used 15571K, committed 15936K, reserved 1048576K
}
Event: 1039.254 GC heap before
{Heap before GC invocations=79 (full 0):
 garbage-first heap   total 208896K, used 169206K [0x0000000080000000, 0x0000000100000000)
  region size 1024K, 34 young (34816K), 2 survivors (2048K)
 Metaspace       used 120575K, committed 121344K, reserved 1155072K
  class space    used 15584K, committed 15936K, reserved 1048576K
}
Event: 1039.265 GC heap after
{Heap after GC invocations=80 (full 0):
 garbage-first heap   total 208896K, used 170257K [0x0000000080000000, 0x0000000100000000)
  region size 1024K, 5 young (5120K), 5 survivors (5120K)
 Metaspace       used 120575K, committed 121344K, reserved 1155072K
  class space    used 15584K, committed 15936K, reserved 1048576K
}
Event: 1039.281 GC heap before
{Heap before GC invocations=80 (full 0):
 garbage-first heap   total 208896K, used 175377K [0x0000000080000000, 0x0000000100000000)
  region size 1024K, 10 young (10240K), 5 survivors (5120K)
 Metaspace       used 120575K, committed 121344K, reserved 1155072K
  class space    used 15584K, committed 15936K, reserved 1048576K
}
Event: 1039.288 GC heap after
{Heap after GC invocations=81 (full 0):
 garbage-first heap   total 208896K, used 176128K [0x0000000080000000, 0x0000000100000000)
  region size 1024K, 2 young (2048K), 2 survivors (2048K)
 Metaspace       used 120575K, committed 121344K, reserved 1155072K
  class space    used 15584K, committed 15936K, reserved 1048576K
}
Event: 1039.566 GC heap before
{Heap before GC invocations=82 (full 0):
 garbage-first heap   total 304128K, used 184320K [0x0000000080000000, 0x0000000100000000)
  region size 1024K, 10 young (10240K), 2 survivors (2048K)
 Metaspace       used 121090K, committed 121856K, reserved 1155072K
  class space    used 15646K, committed 16000K, reserved 1048576K
}
Event: 1039.571 GC heap after
{Heap after GC invocations=83 (full 0):
 garbage-first heap   total 304128K, used 182667K [0x0000000080000000, 0x0000000100000000)
  region size 1024K, 2 young (2048K), 2 survivors (2048K)
 Metaspace       used 121090K, committed 121856K, reserved 1155072K
  class space    used 15646K, committed 16000K, reserved 1048576K
}
Event: 1039.809 GC heap before
{Heap before GC invocations=83 (full 0):
 garbage-first heap   total 304128K, used 194955K [0x0000000080000000, 0x0000000100000000)
  region size 1024K, 14 young (14336K), 2 survivors (2048K)
 Metaspace       used 122293K, committed 123072K, reserved 1163264K
  class space    used 15821K, committed 16192K, reserved 1048576K
}
Event: 1039.812 GC heap after
{Heap after GC invocations=84 (full 0):
 garbage-first heap   total 304128K, used 183816K [0x0000000080000000, 0x0000000100000000)
  region size 1024K, 2 young (2048K), 2 survivors (2048K)
 Metaspace       used 122293K, committed 123072K, reserved 1163264K
  class space    used 15821K, committed 16192K, reserved 1048576K
}
Event: 1040.277 GC heap before
{Heap before GC invocations=84 (full 0):
 garbage-first heap   total 304128K, used 216584K [0x0000000080000000, 0x0000000100000000)
  region size 1024K, 34 young (34816K), 2 survivors (2048K)
 Metaspace       used 124082K, committed 124928K, reserved 1163264K
  class space    used 16056K, committed 16448K, reserved 1048576K
}
Event: 1040.284 GC heap after
{Heap after GC invocations=85 (full 0):
 garbage-first heap   total 304128K, used 203168K [0x0000000080000000, 0x0000000100000000)
  region size 1024K, 5 young (5120K), 5 survivors (5120K)
 Metaspace       used 124082K, committed 124928K, reserved 1163264K
  class space    used 16056K, committed 16448K, reserved 1048576K
}
Event: 1040.344 GC heap before
{Heap before GC invocations=85 (full 0):
 garbage-first heap   total 304128K, used 227744K [0x0000000080000000, 0x0000000100000000)
  region size 1024K, 29 young (29696K), 5 survivors (5120K)
 Metaspace       used 124082K, committed 124928K, reserved 1163264K
  class space    used 16056K, committed 16448K, reserved 1048576K
}
Event: 1040.356 GC heap after
{Heap after GC invocations=86 (full 0):
 garbage-first heap   total 304128K, used 228770K [0x0000000080000000, 0x0000000100000000)
  region size 1024K, 4 young (4096K), 4 survivors (4096K)
 Metaspace       used 124082K, committed 124928K, reserved 1163264K
  class space    used 16056K, committed 16448K, reserved 1048576K
}
Event: 1040.403 GC heap before
{Heap before GC invocations=86 (full 0):
 garbage-first heap   total 304128K, used 242082K [0x0000000080000000, 0x0000000100000000)
  region size 1024K, 17 young (17408K), 4 survivors (4096K)
 Metaspace       used 124092K, committed 124928K, reserved 1163264K
  class space    used 16056K, committed 16448K, reserved 1048576K
}

Dll operation events (2 events):
Event: 0.012 Loaded shared library C:\Program Files\Android\Android Studio\jbr\bin\java.dll
Event: 2.641 Loaded shared library C:\Program Files\Android\Android Studio\jbr\bin\verify.dll

Deoptimization events (20 events):
Event: 1040.163 Thread 0x000001ae2a68fc50 DEOPT PACKING pc=0x000001ae11a673ae sp=0x0000001239df8680
Event: 1040.163 Thread 0x000001ae2a68fc50 DEOPT UNPACKING pc=0x000001ae177e7143 sp=0x0000001239df7b20 mode 0
Event: 1040.163 Thread 0x000001ae2a68fc50 DEOPT PACKING pc=0x000001ae11a673ae sp=0x0000001239df85c0
Event: 1040.163 Thread 0x000001ae2a68fc50 DEOPT UNPACKING pc=0x000001ae177e7143 sp=0x0000001239df7a60 mode 0
Event: 1040.163 Thread 0x000001ae2a68fc50 DEOPT PACKING pc=0x000001ae11a673ae sp=0x0000001239df8680
Event: 1040.163 Thread 0x000001ae2a68fc50 DEOPT UNPACKING pc=0x000001ae177e7143 sp=0x0000001239df7b20 mode 0
Event: 1040.295 Thread 0x000001ae2a68fc50 Uncommon trap: trap_request=0xffffffde fr.pc=0x000001ae186cc718 relative=0x00000000000001d8
Event: 1040.295 Thread 0x000001ae2a68fc50 Uncommon trap: reason=class_check action=maybe_recompile pc=0x000001ae186cc718 method=com.sun.org.apache.xerces.internal.impl.XMLDocumentScannerImpl.next()I @ 4 c2
Event: 1040.295 Thread 0x000001ae2a68fc50 DEOPT PACKING pc=0x000001ae186cc718 sp=0x0000001239df89f0
Event: 1040.295 Thread 0x000001ae2a68fc50 DEOPT UNPACKING pc=0x000001ae177e69a3 sp=0x0000001239df8948 mode 2
Event: 1040.295 Thread 0x000001ae2a68fc50 Uncommon trap: trap_request=0xffffff45 fr.pc=0x000001ae182b5558 relative=0x00000000000004b8
Event: 1040.295 Thread 0x000001ae2a68fc50 Uncommon trap: reason=unstable_if action=reinterpret pc=0x000001ae182b5558 method=com.sun.org.apache.xerces.internal.dom.ParentNode.nodeListItem(I)Lorg/w3c/dom/Node; @ 4 c2
Event: 1040.295 Thread 0x000001ae2a68fc50 DEOPT PACKING pc=0x000001ae182b5558 sp=0x0000001239df8ad0
Event: 1040.295 Thread 0x000001ae2a68fc50 DEOPT UNPACKING pc=0x000001ae177e69a3 sp=0x0000001239df8a10 mode 2
Event: 1040.296 Thread 0x000001ae2a68fc50 DEOPT PACKING pc=0x000001ae11ca7eb0 sp=0x0000001239df8b30
Event: 1040.296 Thread 0x000001ae2a68fc50 DEOPT UNPACKING pc=0x000001ae177e7143 sp=0x0000001239df8108 mode 0
Event: 1040.379 Thread 0x000001ae2a68fc50 Uncommon trap: trap_request=0xffffff45 fr.pc=0x000001ae18254d8c relative=0x0000000000003fcc
Event: 1040.379 Thread 0x000001ae2a68fc50 Uncommon trap: reason=unstable_if action=reinterpret pc=0x000001ae18254d8c method=android.databinding.tool.reflection.SdkUtil$ApiChecker.buildFullLookup()V @ 49 c2
Event: 1040.379 Thread 0x000001ae2a68fc50 DEOPT PACKING pc=0x000001ae18254d8c sp=0x0000001239df8c40
Event: 1040.379 Thread 0x000001ae2a68fc50 DEOPT UNPACKING pc=0x000001ae177e69a3 sp=0x0000001239df8c08 mode 2

Classes unloaded (4 events):
Event: 1024.158 Thread 0x000001ae2678a390 Unloading class 0x0000000100c81000 'java/lang/invoke/LambdaForm$DMH+0x0000000100c81000'
Event: 1024.158 Thread 0x000001ae2678a390 Unloading class 0x0000000100c80400 'java/lang/invoke/LambdaForm$DMH+0x0000000100c80400'
Event: 1024.158 Thread 0x000001ae2678a390 Unloading class 0x0000000100c80c00 'java/lang/invoke/LambdaForm$DMH+0x0000000100c80c00'
Event: 1024.158 Thread 0x000001ae2678a390 Unloading class 0x0000000100c80800 'java/lang/invoke/LambdaForm$DMH+0x0000000100c80800'

Classes redefined (0 events):
No events

Internal exceptions (20 events):
Event: 1039.953 Thread 0x000001ae2a68fc50 Exception <a 'sun/nio/fs/WindowsException'{0x00000000922dd180}> (0x00000000922dd180) 
thrown [s\src\hotspot\share\prims\jni.cpp, line 517]
Event: 1039.982 Thread 0x000001ae2a68fc50 Exception <a 'sun/nio/fs/WindowsException'{0x0000000092011cf0}> (0x0000000092011cf0) 
thrown [s\src\hotspot\share\prims\jni.cpp, line 517]
Event: 1039.982 Thread 0x000001ae2a68fc50 Exception <a 'sun/nio/fs/WindowsException'{0x0000000092013370}> (0x0000000092013370) 
thrown [s\src\hotspot\share\prims\jni.cpp, line 517]
Event: 1039.982 Thread 0x000001ae2a68fc50 Exception <a 'sun/nio/fs/WindowsException'{0x0000000092014678}> (0x0000000092014678) 
thrown [s\src\hotspot\share\prims\jni.cpp, line 517]
Event: 1039.982 Thread 0x000001ae2a68fc50 Exception <a 'sun/nio/fs/WindowsException'{0x0000000092015b80}> (0x0000000092015b80) 
thrown [s\src\hotspot\share\prims\jni.cpp, line 517]
Event: 1039.982 Thread 0x000001ae2a68fc50 Exception <a 'sun/nio/fs/WindowsException'{0x0000000092015fa0}> (0x0000000092015fa0) 
thrown [s\src\hotspot\share\prims\jni.cpp, line 517]
Event: 1039.982 Thread 0x000001ae2a68fc50 Exception <a 'sun/nio/fs/WindowsException'{0x0000000092018758}> (0x0000000092018758) 
thrown [s\src\hotspot\share\prims\jni.cpp, line 517]
Event: 1039.984 Thread 0x000001ae2a68fc50 Exception <a 'sun/nio/fs/WindowsException'{0x00000000920240a0}> (0x00000000920240a0) 
thrown [s\src\hotspot\share\prims\jni.cpp, line 517]
Event: 1039.984 Thread 0x000001ae2a68fc50 Exception <a 'sun/nio/fs/WindowsException'{0x00000000920256e0}> (0x00000000920256e0) 
thrown [s\src\hotspot\share\prims\jni.cpp, line 517]
Event: 1039.984 Thread 0x000001ae2a68fc50 Exception <a 'sun/nio/fs/WindowsException'{0x00000000920269e8}> (0x00000000920269e8) 
thrown [s\src\hotspot\share\prims\jni.cpp, line 517]
Event: 1039.984 Thread 0x000001ae2a68fc50 Exception <a 'sun/nio/fs/WindowsException'{0x0000000092027eb8}> (0x0000000092027eb8) 
thrown [s\src\hotspot\share\prims\jni.cpp, line 517]
Event: 1039.984 Thread 0x000001ae2a68fc50 Exception <a 'sun/nio/fs/WindowsException'{0x0000000092028270}> (0x0000000092028270) 
thrown [s\src\hotspot\share\prims\jni.cpp, line 517]
Event: 1039.984 Thread 0x000001ae2a68fc50 Exception <a 'sun/nio/fs/WindowsException'{0x000000009202a9f8}> (0x000000009202a9f8) 
thrown [s\src\hotspot\share\prims\jni.cpp, line 517]
Event: 1039.984 Thread 0x000001ae2a68fc50 Exception <a 'sun/nio/fs/WindowsException'{0x000000009202ad88}> (0x000000009202ad88) 
thrown [s\src\hotspot\share\prims\jni.cpp, line 517]
Event: 1039.985 Thread 0x000001ae2a68fc50 Exception <a 'sun/nio/fs/WindowsException'{0x000000009202d508}> (0x000000009202d508) 
thrown [s\src\hotspot\share\prims\jni.cpp, line 517]
Event: 1040.065 Thread 0x000001ae2a68fc50 Exception <a 'sun/nio/fs/WindowsException'{0x0000000091f180f0}> (0x0000000091f180f0) 
thrown [s\src\hotspot\share\prims\jni.cpp, line 517]
Event: 1040.073 Thread 0x000001ae2a68fc50 Exception <a 'sun/nio/fs/WindowsException'{0x0000000091f35ad0}> (0x0000000091f35ad0) 
thrown [s\src\hotspot\share\prims\jni.cpp, line 517]
Event: 1040.087 Thread 0x000001ae2a68fc50 Implicit null exception at 0x000001ae185fa980 to 0x000001ae185fd624
Event: 1040.147 Thread 0x000001ae2a68fc50 Implicit null exception at 0x000001ae186a7678 to 0x000001ae186aaabe
Event: 1040.295 Thread 0x000001ae2a68fc50 Implicit null exception at 0x000001ae182b50d5 to 0x000001ae182b5540

VM Operations (20 events):
Event: 1039.206 Executing VM operation: HandshakeAllThreads done
Event: 1039.253 Executing VM operation: G1CollectForAllocation
Event: 1039.265 Executing VM operation: G1CollectForAllocation done
Event: 1039.281 Executing VM operation: G1CollectForAllocation
Event: 1039.288 Executing VM operation: G1CollectForAllocation done
Event: 1039.362 Executing VM operation: G1Concurrent
Event: 1039.431 Executing VM operation: G1Concurrent done
Event: 1039.478 Executing VM operation: G1Concurrent
Event: 1039.478 Executing VM operation: G1Concurrent done
Event: 1039.524 Executing VM operation: G1CollectForAllocation
Event: 1039.571 Executing VM operation: G1CollectForAllocation done
Event: 1039.809 Executing VM operation: G1CollectForAllocation
Event: 1039.812 Executing VM operation: G1CollectForAllocation done
Event: 1040.140 Executing VM operation: ICBufferFull
Event: 1040.140 Executing VM operation: ICBufferFull done
Event: 1040.277 Executing VM operation: G1CollectForAllocation
Event: 1040.284 Executing VM operation: G1CollectForAllocation done
Event: 1040.343 Executing VM operation: G1CollectForAllocation
Event: 1040.356 Executing VM operation: G1CollectForAllocation done
Event: 1040.403 Executing VM operation: G1CollectForAllocation

Events (20 events):
Event: 1039.220 Thread 0x000001ae270e55c0 flushing nmethod 0x000001ae11cfd590
Event: 1039.220 Thread 0x000001ae270e55c0 flushing nmethod 0x000001ae11cfda90
Event: 1039.220 Thread 0x000001ae270e55c0 flushing nmethod 0x000001ae11d00690
Event: 1039.220 Thread 0x000001ae270e55c0 flushing nmethod 0x000001ae11d04910
Event: 1039.220 Thread 0x000001ae270e55c0 flushing nmethod 0x000001ae11d04f90
Event: 1039.220 Thread 0x000001ae270e55c0 flushing nmethod 0x000001ae11d05510
Event: 1039.220 Thread 0x000001ae270e55c0 flushing nmethod 0x000001ae11d09390
Event: 1039.220 Thread 0x000001ae270e55c0 flushing nmethod 0x000001ae11d10910
Event: 1039.795 Thread 0x000001ae2d6f4fc0 Thread exited: 0x000001ae2d6f4fc0
Event: 1039.938 Thread 0x000001ae2d6efec0 Thread added: 0x000001ae2d6efec0
Event: 1039.952 loading class java/io/FilterWriter
Event: 1039.952 loading class java/io/FilterWriter done
Event: 1039.953 loading class java/nio/file/Path$1
Event: 1039.953 loading class java/nio/file/Path$1 done
Event: 1039.988 loading class java/util/stream/DistinctOps
Event: 1039.988 loading class java/util/stream/DistinctOps done
Event: 1039.988 loading class java/util/stream/DistinctOps$1
Event: 1039.988 loading class java/util/stream/DistinctOps$1 done
Event: 1039.989 loading class java/util/stream/DistinctOps$1$2
Event: 1039.990 loading class java/util/stream/DistinctOps$1$2 done


Dynamic libraries:
0x00007ff7aad80000 - 0x00007ff7aad8a000 	C:\Program Files\Android\Android Studio\jbr\bin\java.exe
0x00007ffe76350000 - 0x00007ffe76548000 	C:\WINDOWS\SYSTEM32\ntdll.dll
0x00007ffe76250000 - 0x00007ffe7630f000 	C:\WINDOWS\System32\KERNEL32.DLL
0x00007ffe73c80000 - 0x00007ffe73f5a000 	C:\WINDOWS\System32\KERNELBASE.dll
0x00007ffe74200000 - 0x00007ffe74300000 	C:\WINDOWS\System32\ucrtbase.dll
0x00007ffe6e180000 - 0x00007ffe6e197000 	C:\Program Files\Android\Android Studio\jbr\bin\jli.dll
0x00007ffe74440000 - 0x00007ffe745dd000 	C:\WINDOWS\System32\USER32.dll
0x00007ffe74410000 - 0x00007ffe74432000 	C:\WINDOWS\System32\win32u.dll
0x00007ffe74aa0000 - 0x00007ffe74acb000 	C:\WINDOWS\System32\GDI32.dll
0x00007ffe74300000 - 0x00007ffe74410000 	C:\WINDOWS\System32\gdi32full.dll
0x00007ffe740b0000 - 0x00007ffe7414d000 	C:\WINDOWS\System32\msvcp_win.dll
0x00007ffe6de10000 - 0x00007ffe6de2b000 	C:\Program Files\Android\Android Studio\jbr\bin\VCRUNTIME140.dll
0x00007ffe60980000 - 0x00007ffe60c1a000 	C:\WINDOWS\WinSxS\amd64_microsoft.windows.common-controls_6595b64144ccf1df_6.0.19041.1110_none_60b5254171f9507e\COMCTL32.dll
0x00007ffe74c00000 - 0x00007ffe74c9e000 	C:\WINDOWS\System32\msvcrt.dll
0x00007ffe75f90000 - 0x00007ffe75fc0000 	C:\WINDOWS\System32\IMM32.DLL
0x00007ffe713e0000 - 0x00007ffe713ec000 	C:\Program Files\Android\Android Studio\jbr\bin\vcruntime140_1.dll
0x00007ffe50ef0000 - 0x00007ffe50f7d000 	C:\Program Files\Android\Android Studio\jbr\bin\msvcp140.dll
0x00007ffe2f880000 - 0x00007ffe304ed000 	C:\Program Files\Android\Android Studio\jbr\bin\server\jvm.dll
0x00007ffe75a30000 - 0x00007ffe75ade000 	C:\WINDOWS\System32\ADVAPI32.dll
0x00007ffe74d00000 - 0x00007ffe74d9c000 	C:\WINDOWS\System32\sechost.dll
0x00007ffe75e60000 - 0x00007ffe75f86000 	C:\WINDOWS\System32\RPCRT4.dll
0x00007ffe5dd40000 - 0x00007ffe5dd49000 	C:\WINDOWS\SYSTEM32\WSOCK32.dll
0x00007ffe76030000 - 0x00007ffe7609b000 	C:\WINDOWS\System32\WS2_32.dll
0x00007ffe63f60000 - 0x00007ffe63f87000 	C:\WINDOWS\SYSTEM32\WINMM.dll
0x00007ffe6da60000 - 0x00007ffe6da6a000 	C:\WINDOWS\SYSTEM32\VERSION.dll
0x00007ffe719d0000 - 0x00007ffe719e2000 	C:\WINDOWS\SYSTEM32\kernel.appcore.dll
0x00007ffe6ee00000 - 0x00007ffe6ee0a000 	C:\Program Files\Android\Android Studio\jbr\bin\jimage.dll
0x00007ffe680e0000 - 0x00007ffe682c4000 	C:\WINDOWS\SYSTEM32\DBGHELP.DLL
0x00007ffe680a0000 - 0x00007ffe680d4000 	C:\WINDOWS\SYSTEM32\dbgcore.DLL
0x00007ffe73fd0000 - 0x00007ffe74052000 	C:\WINDOWS\System32\bcryptPrimitives.dll
0x00007ffe6dcd0000 - 0x00007ffe6dcf5000 	C:\Program Files\Android\Android Studio\jbr\bin\java.dll
0x00007ffe6ddf0000 - 0x00007ffe6de08000 	C:\Program Files\Android\Android Studio\jbr\bin\zip.dll
0x00007ffe74dc0000 - 0x00007ffe75504000 	C:\WINDOWS\System32\SHELL32.dll
0x00007ffe71bd0000 - 0x00007ffe72363000 	C:\WINDOWS\SYSTEM32\windows.storage.dll
0x00007ffe75ae0000 - 0x00007ffe75e34000 	C:\WINDOWS\System32\combase.dll
0x00007ffe73470000 - 0x00007ffe7349e000 	C:\WINDOWS\SYSTEM32\Wldp.dll
0x00007ffe746c0000 - 0x00007ffe7476d000 	C:\WINDOWS\System32\SHCORE.dll
0x00007ffe74ca0000 - 0x00007ffe74cf5000 	C:\WINDOWS\System32\shlwapi.dll
0x00007ffe73a30000 - 0x00007ffe73a4f000 	C:\WINDOWS\SYSTEM32\profapi.dll
0x00007ffe6dc90000 - 0x00007ffe6dca9000 	C:\Program Files\Android\Android Studio\jbr\bin\net.dll
0x00007ffe6d950000 - 0x00007ffe6da5a000 	C:\WINDOWS\SYSTEM32\WINHTTP.dll
0x00007ffe731d0000 - 0x00007ffe7323a000 	C:\WINDOWS\system32\mswsock.dll
0x00007ffe6cbc0000 - 0x00007ffe6cbd6000 	C:\Program Files\Android\Android Studio\jbr\bin\nio.dll
0x00007ffe6e170000 - 0x00007ffe6e180000 	C:\Program Files\Android\Android Studio\jbr\bin\verify.dll
0x00007ffe6a5f0000 - 0x00007ffe6a617000 	C:\Users\Anna\.gradle\native\68d5fa5c4cc2d200863cafc0d521ce42e7d3e7ee720ec0a83991735586a16f82\windows-amd64\native-platform.dll
0x00007ffe40ef0000 - 0x00007ffe41034000 	C:\Users\Anna\.gradle\native\e376f236ea51e6404a007f0833ffe2c6e607c4080706a723a18a27aeea778392\windows-amd64\native-platform-file-events.dll
0x00007ffe6ea10000 - 0x00007ffe6ea19000 	C:\Program Files\Android\Android Studio\jbr\bin\management.dll
0x00007ffe6e260000 - 0x00007ffe6e26b000 	C:\Program Files\Android\Android Studio\jbr\bin\management_ext.dll
0x00007ffe75fc0000 - 0x00007ffe75fc8000 	C:\WINDOWS\System32\PSAPI.DLL
0x00007ffe733d0000 - 0x00007ffe733e8000 	C:\WINDOWS\SYSTEM32\CRYPTSP.dll
0x00007ffe72af0000 - 0x00007ffe72b24000 	C:\WINDOWS\system32\rsaenh.dll
0x00007ffe73c50000 - 0x00007ffe73c77000 	C:\WINDOWS\System32\bcrypt.dll
0x00007ffe739a0000 - 0x00007ffe739ce000 	C:\WINDOWS\SYSTEM32\USERENV.dll
0x00007ffe733c0000 - 0x00007ffe733cc000 	C:\WINDOWS\SYSTEM32\CRYPTBASE.dll
0x00007ffe72ec0000 - 0x00007ffe72efc000 	C:\WINDOWS\SYSTEM32\IPHLPAPI.DLL
0x00007ffe74da0000 - 0x00007ffe74da8000 	C:\WINDOWS\System32\NSI.dll
0x00007ffe6d490000 - 0x00007ffe6d4a7000 	C:\WINDOWS\SYSTEM32\dhcpcsvc6.DLL
0x00007ffe6d560000 - 0x00007ffe6d57d000 	C:\WINDOWS\SYSTEM32\dhcpcsvc.DLL
0x00007ffe72f00000 - 0x00007ffe72fcb000 	C:\WINDOWS\SYSTEM32\DNSAPI.dll
0x00007ffe6d830000 - 0x00007ffe6d837000 	C:\WINDOWS\system32\wshunix.dll
0x00007ffe72c30000 - 0x00007ffe72c63000 	C:\WINDOWS\SYSTEM32\ntmarta.dll

dbghelp: loaded successfully - version: 4.0.5 - missing functions: none
symbol engine: initialized successfully - sym options: 0x614 - pdb path: .;C:\Program Files\Android\Android Studio\jbr\bin;C:\WINDOWS\SYSTEM32;C:\WINDOWS\WinSxS\amd64_microsoft.windows.common-controls_6595b64144ccf1df_6.0.19041.1110_none_60b5254171f9507e;C:\Program Files\Android\Android Studio\jbr\bin\server;C:\Users\Anna\.gradle\native\68d5fa5c4cc2d200863cafc0d521ce42e7d3e7ee720ec0a83991735586a16f82\windows-amd64;C:\Users\Anna\.gradle\native\e376f236ea51e6404a007f0833ffe2c6e607c4080706a723a18a27aeea778392\windows-amd64

VM Arguments:
jvm_args: --add-opens=java.base/java.util=ALL-UNNAMED --add-opens=java.base/java.lang=ALL-UNNAMED --add-opens=java.base/java.lang.invoke=ALL-UNNAMED --add-opens=java.prefs/java.util.prefs=ALL-UNNAMED --add-opens=java.base/java.nio.charset=ALL-UNNAMED --add-opens=java.base/java.net=ALL-UNNAMED --add-opens=java.base/java.util.concurrent.atomic=ALL-UNNAMED -Xmx2048m -Dfile.encoding=UTF-8 -Duser.country=RU -Duser.language=ru -Duser.variant 
java_command: org.gradle.launcher.daemon.bootstrap.GradleDaemon 8.0
java_class_path (initial): C:\Users\Anna\.gradle\wrapper\dists\gradle-8.0-bin\ca5e32bp14vu59qr306oxotwh\gradle-8.0\lib\gradle-launcher-8.0.jar
Launcher Type: SUN_STANDARD

[Global flags]
     intx CICompilerCount                          = 3                                         {product} {ergonomic}
     uint ConcGCThreads                            = 2                                         {product} {ergonomic}
     uint G1ConcRefinementThreads                  = 6                                         {product} {ergonomic}
   size_t G1HeapRegionSize                         = 1048576                                   {product} {ergonomic}
    uintx GCDrainStackTargetSize                   = 64                                        {product} {ergonomic}
   size_t InitialHeapSize                          = 268435456                                 {product} {ergonomic}
   size_t MarkStackSize                            = 4194304                                   {product} {ergonomic}
   size_t MaxHeapSize                              = 2147483648                                {product} {command line}
   size_t MaxNewSize                               = 1287651328                                {product} {ergonomic}
   size_t MinHeapDeltaBytes                        = 1048576                                   {product} {ergonomic}
   size_t MinHeapSize                              = 8388608                                   {product} {ergonomic}
    uintx NonNMethodCodeHeapSize                   = 5832780                                {pd product} {ergonomic}
    uintx NonProfiledCodeHeapSize                  = 122912730                              {pd product} {ergonomic}
    uintx ProfiledCodeHeapSize                     = 122912730                              {pd product} {ergonomic}
    uintx ReservedCodeCacheSize                    = 251658240                              {pd product} {ergonomic}
     bool SegmentedCodeCache                       = true                                      {product} {ergonomic}
   size_t SoftMaxHeapSize                          = 2147483648                             {manageable} {ergonomic}
     bool UseCompressedClassPointers               = true                           {product lp64_product} {ergonomic}
     bool UseCompressedOops                        = true                           {product lp64_product} {ergonomic}
     bool UseG1GC                                  = true                                      {product} {ergonomic}
     bool UseLargePagesIndividualAllocation        = false                                  {pd product} {ergonomic}

Logging:
Log output configuration:
 #0: stdout all=warning uptime,level,tags
 #1: stderr all=off uptime,level,tags

Environment Variables:
PATH=C:\Program Files\ImageMagick-7.1.0-Q16-HDRI;C:\Program Files (x86)\NVIDIA Corporation\PhysX\Common;C:\WATCOM\BINNT;C:\WATCOM\BINW;C:\Program Files (x86)\Common Files\Oracle\Java\javapath;C:\WINDOWS\system32;C:\WINDOWS;C:\WINDOWS\System32\Wbem;C:\WINDOWS\System32\WindowsPowerShell\v1.0\;C:\Program Files\Git\cmd;C:\Program Files\dotnet\;C:\WINDOWS\System32\OpenSSH\;C:\Program Files\Microsoft SQL Server\150\Tools\Binn\;C:\Program Files\Microsoft SQL Server\Client SDK\ODBC\170\Tools\Binn\;C:\Users\Anna\Documents\Android\platform-tools;C:\Program Files\nodejs\;C:\Users\Anna\AppData\Local\Programs\Python\Python310\Scripts\;C:\Users\Anna\AppData\Local\Programs\Python\Python310\;C:\Users\Anna\AppData\Local\Programs\Python\Python311\Scripts\;C:\Users\Anna\AppData\Local\Programs\Python\Python311\;C:\Program Files (x86)\Python\Scripts\;C:\Program Files (x86)\Python\;C:\Program Files\JetBrains\CLion 2020.3\bin;;E:\Users\Anna\AppData\Local\Programs\Microsoft VS Code\bin;C:\Users\Anna\.dotnet\tools;C:\Users\Anna\AppData\Local\Microsoft\WindowsApps;C:\Users\Anna\AppData\Local\Programs\MiKTeX\miktex\bin\x64\;H:\Program Files\JetBrains\IntelliJ IDEA 2022.3.3\bin;;C:\Users\Anna\AppData\Roaming\npm
USERNAME=Anna
OS=Windows_NT
PROCESSOR_IDENTIFIER=Intel64 Family 6 Model 158 Stepping 10, GenuineIntel
TMP=C:\Users\Anna\AppData\Local\Temp
TEMP=C:\Users\Anna\AppData\Local\Temp



---------------  S Y S T E M  ---------------

OS:
 Windows 10 , 64 bit Build 19041 (10.0.19041.2788)
OS uptime: 6 days 8:54 hours

CPU: total 6 (initial active 6) (6 cores per cpu, 1 threads per core) family 6 model 158 stepping 10 microcode 0xb4, cx8, cmov, fxsr, mmx, 3dnowpref, sse, sse2, sse3, ssse3, sse4.1, sse4.2, popcnt, lzcnt, tsc, tscinvbit, avx, avx2, aes, erms, clmul, bmi1, bmi2, adx, fma, vzeroupper, clflush, clflushopt

Memory: 4k page, system-wide physical 16295M (756M free)
TotalPageFile size 44775M (AvailPageFile size 68M)
current process WorkingSet (physical memory assigned to process): 574M, peak: 597M
current process commit charge ("private bytes"): 640M, peak: 929M

vm_info: OpenJDK 64-Bit Server VM (17.0.6+0-b2043.56-9586694) for windows-amd64 JRE (17.0.6+0-b2043.56-9586694), built on Feb  9 2023 20:06:20 by "androidbuild" with MS VC++ 16.10 / 16.11 (VS2019)

END.
